ifort -c -xHost -g -check all -fpe0 -warn -traceback -debug extended -openmp -O0  analyz.f -o analyz.o 
ifort -c -xHost -g -check all -fpe0 -warn -traceback -debug extended -openmp -O0  sizes.f -o sizes.o 
ifort -c -xHost -g -check all -fpe0 -warn -traceback -debug extended -openmp -O0  atoms.f -o atoms.o 
ifort -c -xHost -g -check all -fpe0 -warn -traceback -debug extended -openmp -O0  energi.f -o energi.o 
ifort -c -xHost -g -check all -fpe0 -warn -traceback -debug extended -openmp -O0  files.f -o files.o 
ifort -c -xHost -g -check all -fpe0 -warn -traceback -debug extended -openmp -O0  inform.f -o inform.o 
ifort -c -xHost -g -check all -fpe0 -warn -traceback -debug extended -openmp -O0  iounit.f -o iounit.o 
ifort -c -xHost -g -check all -fpe0 -warn -traceback -debug extended -openmp -O0  katoms.f -o katoms.o 
ifort -c -xHost -g -check all -fpe0 -warn -traceback -debug extended -openmp -O0  mutant.f -o mutant.o 
ifort -c -xHost -g -check all -fpe0 -warn -traceback -debug extended -openmp -O0  potent.f -o potent.o 
ifort -c -xHost -g -check all -fpe0 -warn -traceback -debug extended -openmp -O0  units.f -o units.o 
ifort -c -xHost -g -check all -fpe0 -warn -traceback -debug extended -openmp -O0  usage.f -o usage.o 
ifort -c -xHost -g -check all -fpe0 -warn -traceback -debug extended -openmp -O0  alchemy.f -o alchemy.o 
ifort -c -xHost -g -check all -fpe0 -warn -traceback -debug extended -openmp -O0  action.f -o action.o 
ifort -c -xHost -g -check all -fpe0 -warn -traceback -debug extended -openmp -O0  keys.f -o keys.o 
ifort -c -xHost -g -check all -fpe0 -warn -traceback -debug extended -openmp -O0  active.f -o active.o 
ifort -c -xHost -g -check all -fpe0 -warn -traceback -debug extended -openmp -O0  align.f -o align.o 
ifort -c -xHost -g -check all -fpe0 -warn -traceback -debug extended -openmp -O0  bound.f -o bound.o 
ifort -c -xHost -g -check all -fpe0 -warn -traceback -debug extended -openmp -O0  group.f -o group.o 
ifort -c -xHost -g -check all -fpe0 -warn -traceback -debug extended -openmp -O0  inter.f -o inter.o 
ifort -c -xHost -g -check all -fpe0 -warn -traceback -debug extended -openmp -O0  limits.f -o limits.o 
ifort -c -xHost -g -check all -fpe0 -warn -traceback -debug extended -openmp -O0  vdwpot.f -o vdwpot.o 
ifort -c -xHost -g -check all -fpe0 -warn -traceback -debug extended -openmp -O0  analysis.f -o analysis.o 
ifort -c -xHost -g -check all -fpe0 -warn -traceback -debug extended -openmp -O0  angang.f -o angang.o 
ifort -c -xHost -g -check all -fpe0 -warn -traceback -debug extended -openmp -O0  angbnd.f -o angbnd.o 
ifort -c -xHost -g -check all -fpe0 -warn -traceback -debug extended -openmp -O0  angpot.f -o angpot.o 
ifort -c -xHost -g -check all -fpe0 -warn -traceback -debug extended -openmp -O0  angtor.f -o angtor.o 
ifort -c -xHost -g -check all -fpe0 -warn -traceback -debug extended -openmp -O0  atomid.f -o atomid.o 
ifort -c -xHost -g -check all -fpe0 -warn -traceback -debug extended -openmp -O0  bitor.f -o bitor.o 
ifort -c -xHost -g -check all -fpe0 -warn -traceback -debug extended -openmp -O0  bndstr.f -o bndstr.o 
ifort -c -xHost -g -check all -fpe0 -warn -traceback -debug extended -openmp -O0  boxes.f -o boxes.o 
ifort -c -xHost -g -check all -fpe0 -warn -traceback -debug extended -openmp -O0  charge.f -o charge.o 
ifort -c -xHost -g -check all -fpe0 -warn -traceback -debug extended -openmp -O0  chgpot.f -o chgpot.o 
ifort -c -xHost -g -check all -fpe0 -warn -traceback -debug extended -openmp -O0  couple.f -o couple.o 
ifort -c -xHost -g -check all -fpe0 -warn -traceback -debug extended -openmp -O0  ctran.f -o ctran.o 
ifort -c -xHost -g -check all -fpe0 -warn -traceback -debug extended -openmp -O0  dipole.f -o dipole.o 
ifort -c -xHost -g -check all -fpe0 -warn -traceback -debug extended -openmp -O0  ewald.f -o ewald.o 
ifort -c -xHost -g -check all -fpe0 -warn -traceback -debug extended -openmp -O0  fields.f -o fields.o 
ifort -c -xHost -g -check all -fpe0 -warn -traceback -debug extended -openmp -O0  improp.f -o improp.o 
ifort -c -xHost -g -check all -fpe0 -warn -traceback -debug extended -openmp -O0  imptor.f -o imptor.o 
ifort -c -xHost -g -check all -fpe0 -warn -traceback -debug extended -openmp -O0  korbs.f -o korbs.o 
ifort -c -xHost -g -check all -fpe0 -warn -traceback -debug extended -openmp -O0  ktrtor.f -o ktrtor.o 
ifort -c -xHost -g -check all -fpe0 -warn -traceback -debug extended -openmp -O0  kvdws.f -o kvdws.o 
ifort -c -xHost -g -check all -fpe0 -warn -traceback -debug extended -openmp -O0  math.f -o math.o 
ifort -c -xHost -g -check all -fpe0 -warn -traceback -debug extended -openmp -O0  molcul.f -o molcul.o 
ifort -c -xHost -g -check all -fpe0 -warn -traceback -debug extended -openmp -O0  moment.f -o moment.o 
ifort -c -xHost -g -check all -fpe0 -warn -traceback -debug extended -openmp -O0  mpole.f -o mpole.o 
ifort -c -xHost -g -check all -fpe0 -warn -traceback -debug extended -openmp -O0  opbend.f -o opbend.o 
ifort -c -xHost -g -check all -fpe0 -warn -traceback -debug extended -openmp -O0  opdist.f -o opdist.o 
ifort -c -xHost -g -check all -fpe0 -warn -traceback -debug extended -openmp -O0  piorbs.f -o piorbs.o 
ifort -c -xHost -g -check all -fpe0 -warn -traceback -debug extended -openmp -O0  pistuf.f -o pistuf.o 
ifort -c -xHost -g -check all -fpe0 -warn -traceback -debug extended -openmp -O0  pitors.f -o pitors.o 
ifort -c -xHost -g -check all -fpe0 -warn -traceback -debug extended -openmp -O0  pme.f -o pme.o 
ifort -c -xHost -g -check all -fpe0 -warn -traceback -debug extended -openmp -O0  polar.f -o polar.o 
ifort -c -xHost -g -check all -fpe0 -warn -traceback -debug extended -openmp -O0  polgrp.f -o polgrp.o 
ifort -c -xHost -g -check all -fpe0 -warn -traceback -debug extended -openmp -O0  solute.f -o solute.o 
ifort -c -xHost -g -check all -fpe0 -warn -traceback -debug extended -openmp -O0  strbnd.f -o strbnd.o 
ifort -c -xHost -g -check all -fpe0 -warn -traceback -debug extended -openmp -O0  strtor.f -o strtor.o 
ifort -c -xHost -g -check all -fpe0 -warn -traceback -debug extended -openmp -O0  tors.f -o tors.o 
ifort -c -xHost -g -check all -fpe0 -warn -traceback -debug extended -openmp -O0  tortor.f -o tortor.o 
ifort -c -xHost -g -check all -fpe0 -warn -traceback -debug extended -openmp -O0  urey.f -o urey.o 
ifort -c -xHost -g -check all -fpe0 -warn -traceback -debug extended -openmp -O0  vdw.f -o vdw.o 
ifort -c -xHost -g -check all -fpe0 -warn -traceback -debug extended -openmp -O0  virial.f -o virial.o 
ifort -c -xHost -g -check all -fpe0 -warn -traceback -debug extended -openmp -O0  analyze.f -o analyze.o 
ifort -c -xHost -g -check all -fpe0 -warn -traceback -debug extended -openmp -O0  atmlst.f -o atmlst.o 
ifort -c -xHost -g -check all -fpe0 -warn -traceback -debug extended -openmp -O0  angles.f -o angles.o 
ifort -c -xHost -g -check all -fpe0 -warn -traceback -debug extended -openmp -O0  bath.f -o bath.o 
ifort -c -xHost -g -check all -fpe0 -warn -traceback -debug extended -openmp -O0  mdstuf.f -o mdstuf.o 
ifort -c -xHost -g -check all -fpe0 -warn -traceback -debug extended -openmp -O0  warp.f -o warp.o 
ifort -c -xHost -g -check all -fpe0 -warn -traceback -debug extended -openmp -O0  anneal.f -o anneal.o 
ifort -c -xHost -g -check all -fpe0 -warn -traceback -debug extended -openmp -O0  titles.f -o titles.o 
ifort -c -xHost -g -check all -fpe0 -warn -traceback -debug extended -openmp -O0  archive.f -o archive.o 
ifort -c -xHost -g -check all -fpe0 -warn -traceback -debug extended -openmp -O0  argue.f -o argue.o 
ifort -c -xHost -g -check all -fpe0 -warn -traceback -debug extended -openmp -O0  ascii.f -o ascii.o 
ifort -c -xHost -g -check all -fpe0 -warn -traceback -debug extended -openmp -O0  attach.f -o attach.o 
ifort -c -xHost -g -check all -fpe0 -warn -traceback -debug extended -openmp -O0  bar.f -o bar.o 
ifort -c -xHost -g -check all -fpe0 -warn -traceback -debug extended -openmp -O0  basefile.f -o basefile.o 
ifort -c -xHost -g -check all -fpe0 -warn -traceback -debug extended -openmp -O0  freeze.f -o freeze.o 
ifort -c -xHost -g -check all -fpe0 -warn -traceback -debug extended -openmp -O0  ielscf.f -o ielscf.o 
ifort -c -xHost -g -check all -fpe0 -warn -traceback -debug extended -openmp -O0  moldyn.f -o moldyn.o 
ifort -c -xHost -g -check all -fpe0 -warn -traceback -debug extended -openmp -O0  beeman.f -o beeman.o 
ifort -c -xHost -g -check all -fpe0 -warn -traceback -debug extended -openmp -O0  bicubic.f -o bicubic.o 
ifort -c -xHost -g -check all -fpe0 -warn -traceback -debug extended -openmp -O0  bitors.f -o bitors.o 
ifort -c -xHost -g -check all -fpe0 -warn -traceback -debug extended -openmp -O0  bndpot.f -o bndpot.o 
ifort -c -xHost -g -check all -fpe0 -warn -traceback -debug extended -openmp -O0  bonds.f -o bonds.o 
ifort -c -xHost -g -check all -fpe0 -warn -traceback -debug extended -openmp -O0  deriv.f -o deriv.o 
ifort -c -xHost -g -check all -fpe0 -warn -traceback -debug extended -openmp -O0  pbstuf.f -o pbstuf.o 
ifort -c -xHost -g -check all -fpe0 -warn -traceback -debug extended -openmp -O0  born.f -o born.o 
ifort -c -xHost -g -check all -fpe0 -warn -traceback -debug extended -openmp -O0  bounds.f -o bounds.o 
ifort -c -xHost -g -check all -fpe0 -warn -traceback -debug extended -openmp -O0  bussi.f -o bussi.o 
ifort -c -xHost -g -check all -fpe0 -warn -traceback -debug extended -openmp -O0  calendar.f -o calendar.o 
ifort -c -xHost -g -check all -fpe0 -warn -traceback -debug extended -openmp -O0  cell.f -o cell.o 
ifort -c -xHost -g -check all -fpe0 -warn -traceback -debug extended -openmp -O0  center.f -o center.o 
ifort -c -xHost -g -check all -fpe0 -warn -traceback -debug extended -openmp -O0  chgpen.f -o chgpen.o 
ifort -c -xHost -g -check all -fpe0 -warn -traceback -debug extended -openmp -O0  chkpole.f -o chkpole.o 
ifort -c -xHost -g -check all -fpe0 -warn -traceback -debug extended -openmp -O0  chkring.f -o chkring.o 
ifort -c -xHost -g -check all -fpe0 -warn -traceback -debug extended -openmp -O0  chkxyz.f -o chkxyz.o 
ifort -c -xHost -g -check all -fpe0 -warn -traceback -debug extended -openmp -O0  cholesky.f -o cholesky.o 
ifort -c -xHost -g -check all -fpe0 -warn -traceback -debug extended -openmp -O0  chrono.f -o chrono.o 
ifort -c -xHost -g -check all -fpe0 -warn -traceback -debug extended -openmp -O0  chunks.f -o chunks.o 
ifort -c -xHost -g -check all -fpe0 -warn -traceback -debug extended -openmp -O0  clock.f -o clock.o 
ifort -c -xHost -g -check all -fpe0 -warn -traceback -debug extended -openmp -O0  cluster.f -o cluster.o 
ifort -c -xHost -g -check all -fpe0 -warn -traceback -debug extended -openmp -O0  column.f -o column.o 
ifort -c -xHost -g -check all -fpe0 -warn -traceback -debug extended -openmp -O0  command.f -o command.o 
ifort -c -xHost -g -check all -fpe0 -warn -traceback -debug extended -openmp -O0  zclose.f -o zclose.o 
ifort -c -xHost -g -check all -fpe0 -warn -traceback -debug extended -openmp -O0  zcoord.f -o zcoord.o 
ifort -c -xHost -g -check all -fpe0 -warn -traceback -debug extended -openmp -O0  connect.f -o connect.o 
ifort -c -xHost -g -check all -fpe0 -warn -traceback -debug extended -openmp -O0  faces.f -o faces.o 
ifort -c -xHost -g -check all -fpe0 -warn -traceback -debug extended -openmp -O0  connolly.f -o connolly.o 
ifort -c -xHost -g -check all -fpe0 -warn -traceback -debug extended -openmp -O0  output.f -o output.o 
ifort -c -xHost -g -check all -fpe0 -warn -traceback -debug extended -openmp -O0  control.f -o control.o 
ifort -c -xHost -g -check all -fpe0 -warn -traceback -debug extended -openmp -O0  correlate.f -o correlate.o 
ifort -c -xHost -g -check all -fpe0 -warn -traceback -debug extended -openmp -O0  crystal.f -o crystal.o 
ifort -c -xHost -g -check all -fpe0 -warn -traceback -debug extended -openmp -O0  cspline.f -o cspline.o 
ifort -c -xHost -g -check all -fpe0 -warn -traceback -debug extended -openmp -O0  hescut.f -o hescut.o 
ifort -c -xHost -g -check all -fpe0 -warn -traceback -debug extended -openmp -O0  neigh.f -o neigh.o 
ifort -c -xHost -g -check all -fpe0 -warn -traceback -debug extended -openmp -O0  polpot.f -o polpot.o 
ifort -c -xHost -g -check all -fpe0 -warn -traceback -debug extended -openmp -O0  tarray.f -o tarray.o 
ifort -c -xHost -g -check all -fpe0 -warn -traceback -debug extended -openmp -O0  cutoffs.f -o cutoffs.o 
ifort -c -xHost -g -check all -fpe0 -warn -traceback -debug extended -openmp -O0  deflate.f -o deflate.o 
ifort -c -xHost -g -check all -fpe0 -warn -traceback -debug extended -openmp -O0  delete.f -o delete.o 
ifort -c -xHost -g -check all -fpe0 -warn -traceback -debug extended -openmp -O0  diagq.f -o diagq.o 
ifort -c -xHost -g -check all -fpe0 -warn -traceback -debug extended -openmp -O0  diffeq.f -o diffeq.o 
ifort -c -xHost -g -check all -fpe0 -warn -traceback -debug extended -openmp -O0  diffuse.f -o diffuse.o 
ifort -c -xHost -g -check all -fpe0 -warn -traceback -debug extended -openmp -O0  disgeo.f -o disgeo.o 
ifort -c -xHost -g -check all -fpe0 -warn -traceback -debug extended -openmp -O0  refer.f -o refer.o 
ifort -c -xHost -g -check all -fpe0 -warn -traceback -debug extended -openmp -O0  restrn.f -o restrn.o 
ifort -c -xHost -g -check all -fpe0 -warn -traceback -debug extended -openmp -O0  distgeom.f -o distgeom.o 
ifort -c -xHost -g -check all -fpe0 -warn -traceback -debug extended -openmp -O0  dma.f -o dma.o 
ifort -c -xHost -g -check all -fpe0 -warn -traceback -debug extended -openmp -O0  document.f -o document.o 
ifort -c -xHost -g -check all -fpe0 -warn -traceback -debug extended -openmp -O0  domega.f -o domega.o 
ifort -c -xHost -g -check all -fpe0 -warn -traceback -debug extended -openmp -O0  stodyn.f -o stodyn.o 
ifort -c -xHost -g -check all -fpe0 -warn -traceback -debug extended -openmp -O0  dynamic.f -o dynamic.o 
ifort -c -xHost -g -check all -fpe0 -warn -traceback -debug extended -openmp -O0  eangang.f -o eangang.o 
ifort -c -xHost -g -check all -fpe0 -warn -traceback -debug extended -openmp -O0  eangang1.f -o eangang1.o 
ifort -c -xHost -g -check all -fpe0 -warn -traceback -debug extended -openmp -O0  hessn.f -o hessn.o 
ifort -c -xHost -g -check all -fpe0 -warn -traceback -debug extended -openmp -O0  eangang2.f -o eangang2.o 
ifort -c -xHost -g -check all -fpe0 -warn -traceback -debug extended -openmp -O0  eangang3.f -o eangang3.o 
ifort -c -xHost -g -check all -fpe0 -warn -traceback -debug extended -openmp -O0  eangle.f -o eangle.o 
ifort -c -xHost -g -check all -fpe0 -warn -traceback -debug extended -openmp -O0  eangle1.f -o eangle1.o 
ifort -c -xHost -g -check all -fpe0 -warn -traceback -debug extended -openmp -O0  eangle2.f -o eangle2.o 
ifort -c -xHost -g -check all -fpe0 -warn -traceback -debug extended -openmp -O0  eangle3.f -o eangle3.o 
ifort -c -xHost -g -check all -fpe0 -warn -traceback -debug extended -openmp -O0  torpot.f -o torpot.o 
ifort -c -xHost -g -check all -fpe0 -warn -traceback -debug extended -openmp -O0  eangtor.f -o eangtor.o 
ifort -c -xHost -g -check all -fpe0 -warn -traceback -debug extended -openmp -O0  eangtor1.f -o eangtor1.o 
ifort -c -xHost -g -check all -fpe0 -warn -traceback -debug extended -openmp -O0  eangtor2.f -o eangtor2.o 
ifort -c -xHost -g -check all -fpe0 -warn -traceback -debug extended -openmp -O0  eangtor3.f -o eangtor3.o 
ifort -c -xHost -g -check all -fpe0 -warn -traceback -debug extended -openmp -O0  ebond.f -o ebond.o 
ifort -c -xHost -g -check all -fpe0 -warn -traceback -debug extended -openmp -O0  ebond1.f -o ebond1.o 
ifort -c -xHost -g -check all -fpe0 -warn -traceback -debug extended -openmp -O0  ebond2.f -o ebond2.o 
ifort -c -xHost -g -check all -fpe0 -warn -traceback -debug extended -openmp -O0  ebond3.f -o ebond3.o 
ifort -c -xHost -g -check all -fpe0 -warn -traceback -debug extended -openmp -O0  light.f -o light.o 
ifort -c -xHost -g -check all -fpe0 -warn -traceback -debug extended -openmp -O0  shunt.f -o shunt.o 
ifort -c -xHost -g -check all -fpe0 -warn -traceback -debug extended -openmp -O0  ebuck.f -o ebuck.o 
ifort -c -xHost -g -check all -fpe0 -warn -traceback -debug extended -openmp -O0  ebuck1.f -o ebuck1.o 
ifort -c -xHost -g -check all -fpe0 -warn -traceback -debug extended -openmp -O0  ebuck2.f -o ebuck2.o 
ifort -c -xHost -g -check all -fpe0 -warn -traceback -debug extended -openmp -O0  ebuck3.f -o ebuck3.o 
ifort -c -xHost -g -check all -fpe0 -warn -traceback -debug extended -openmp -O0  echarge.f -o echarge.o 
ifort -c -xHost -g -check all -fpe0 -warn -traceback -debug extended -openmp -O0  echarge1.f -o echarge1.o 
ifort -c -xHost -g -check all -fpe0 -warn -traceback -debug extended -openmp -O0  echarge2.f -o echarge2.o 
ifort -c -xHost -g -check all -fpe0 -warn -traceback -debug extended -openmp -O0  echarge3.f -o echarge3.o 
ifort -c -xHost -g -check all -fpe0 -warn -traceback -debug extended -openmp -O0  echgdpl.f -o echgdpl.o 
ifort -c -xHost -g -check all -fpe0 -warn -traceback -debug extended -openmp -O0  echgdpl1.f -o echgdpl1.o 
ifort -c -xHost -g -check all -fpe0 -warn -traceback -debug extended -openmp -O0  echgdpl2.f -o echgdpl2.o 
ifort -c -xHost -g -check all -fpe0 -warn -traceback -debug extended -openmp -O0  echgdpl3.f -o echgdpl3.o 
ifort -c -xHost -g -check all -fpe0 -warn -traceback -debug extended -openmp -O0  edipole.f -o edipole.o 
ifort -c -xHost -g -check all -fpe0 -warn -traceback -debug extended -openmp -O0  edipole1.f -o edipole1.o 
ifort -c -xHost -g -check all -fpe0 -warn -traceback -debug extended -openmp -O0  edipole2.f -o edipole2.o 
ifort -c -xHost -g -check all -fpe0 -warn -traceback -debug extended -openmp -O0  edipole3.f -o edipole3.o 
ifort -c -xHost -g -check all -fpe0 -warn -traceback -debug extended -openmp -O0  egauss.f -o egauss.o 
ifort -c -xHost -g -check all -fpe0 -warn -traceback -debug extended -openmp -O0  egauss1.f -o egauss1.o 
ifort -c -xHost -g -check all -fpe0 -warn -traceback -debug extended -openmp -O0  egauss2.f -o egauss2.o 
ifort -c -xHost -g -check all -fpe0 -warn -traceback -debug extended -openmp -O0  egauss3.f -o egauss3.o 
ifort -c -xHost -g -check all -fpe0 -warn -traceback -debug extended -openmp -O0  egeom.f -o egeom.o 
ifort -c -xHost -g -check all -fpe0 -warn -traceback -debug extended -openmp -O0  egeom1.f -o egeom1.o 
ifort -c -xHost -g -check all -fpe0 -warn -traceback -debug extended -openmp -O0  egeom2.f -o egeom2.o 
ifort -c -xHost -g -check all -fpe0 -warn -traceback -debug extended -openmp -O0  egeom3.f -o egeom3.o 
ifort -c -xHost -g -check all -fpe0 -warn -traceback -debug extended -openmp -O0  ehal.f -o ehal.o 
ifort -c -xHost -g -check all -fpe0 -warn -traceback -debug extended -openmp -O0  ehal1.f -o ehal1.o 
ifort -c -xHost -g -check all -fpe0 -warn -traceback -debug extended -openmp -O0  ehal2.f -o ehal2.o 
ifort -c -xHost -g -check all -fpe0 -warn -traceback -debug extended -openmp -O0  ehal3.f -o ehal3.o 
ifort -c -xHost -g -check all -fpe0 -warn -traceback -debug extended -openmp -O0  eimprop.f -o eimprop.o 
ifort -c -xHost -g -check all -fpe0 -warn -traceback -debug extended -openmp -O0  eimprop1.f -o eimprop1.o 
ifort -c -xHost -g -check all -fpe0 -warn -traceback -debug extended -openmp -O0  eimprop2.f -o eimprop2.o 
ifort -c -xHost -g -check all -fpe0 -warn -traceback -debug extended -openmp -O0  eimprop3.f -o eimprop3.o 
ifort -c -xHost -g -check all -fpe0 -warn -traceback -debug extended -openmp -O0  eimptor.f -o eimptor.o 
ifort -c -xHost -g -check all -fpe0 -warn -traceback -debug extended -openmp -O0  eimptor1.f -o eimptor1.o 
ifort -c -xHost -g -check all -fpe0 -warn -traceback -debug extended -openmp -O0  eimptor2.f -o eimptor2.o 
ifort -c -xHost -g -check all -fpe0 -warn -traceback -debug extended -openmp -O0  eimptor3.f -o eimptor3.o 
ifort -c -xHost -g -check all -fpe0 -warn -traceback -debug extended -openmp -O0  elj.f -o elj.o 
ifort -c -xHost -g -check all -fpe0 -warn -traceback -debug extended -openmp -O0  elj1.f -o elj1.o 
ifort -c -xHost -g -check all -fpe0 -warn -traceback -debug extended -openmp -O0  elj2.f -o elj2.o 
ifort -c -xHost -g -check all -fpe0 -warn -traceback -debug extended -openmp -O0  elj3.f -o elj3.o 
ifort -c -xHost -g -check all -fpe0 -warn -traceback -debug extended -openmp -O0  ect0.f -o ect0.o 
ifort -c -xHost -g -check all -fpe0 -warn -traceback -debug extended -openmp -O0  ect1.f -o ect1.o 
ifort -c -xHost -g -check all -fpe0 -warn -traceback -debug extended -openmp -O0  ect3.f -o ect3.o 
ifort -c -xHost -g -check all -fpe0 -warn -traceback -debug extended -openmp -O0  minima.f -o minima.o 
ifort -c -xHost -g -check all -fpe0 -warn -traceback -debug extended -openmp -O0  embed.f -o embed.o 
ifort -c -xHost -g -check all -fpe0 -warn -traceback -debug extended -openmp -O0  kchrge.f -o kchrge.o 
ifort -c -xHost -g -check all -fpe0 -warn -traceback -debug extended -openmp -O0  emetal.f -o emetal.o 
ifort -c -xHost -g -check all -fpe0 -warn -traceback -debug extended -openmp -O0  emetal1.f -o emetal1.o 
ifort -c -xHost -g -check all -fpe0 -warn -traceback -debug extended -openmp -O0  emetal2.f -o emetal2.o 
ifort -c -xHost -g -check all -fpe0 -warn -traceback -debug extended -openmp -O0  emetal3.f -o emetal3.o 
ifort -c -xHost -g -check all -fpe0 -warn -traceback -debug extended -openmp -O0  emm3hb.f -o emm3hb.o 
ifort -c -xHost -g -check all -fpe0 -warn -traceback -debug extended -openmp -O0  emm3hb1.f -o emm3hb1.o 
ifort -c -xHost -g -check all -fpe0 -warn -traceback -debug extended -openmp -O0  emm3hb2.f -o emm3hb2.o 
ifort -c -xHost -g -check all -fpe0 -warn -traceback -debug extended -openmp -O0  emm3hb3.f -o emm3hb3.o 
ifort -c -xHost -g -check all -fpe0 -warn -traceback -debug extended -openmp -O0  mplpot.f -o mplpot.o 
ifort -c -xHost -g -check all -fpe0 -warn -traceback -debug extended -openmp -O0  mrecip.f -o mrecip.o 
ifort -c -xHost -g -check all -fpe0 -warn -traceback -debug extended -openmp -O0  empole.f -o empole.o 
ifort -c -xHost -g -check all -fpe0 -warn -traceback -debug extended -openmp -O0  empole1.f -o empole1.o 
ifort -c -xHost -g -check all -fpe0 -warn -traceback -debug extended -openmp -O0  empole3.f -o empole3.o 
ifort -c -xHost -g -check all -fpe0 -warn -traceback -debug extended -openmp -O0  rigid.f -o rigid.o 
ifort -c -xHost -g -check all -fpe0 -warn -traceback -debug extended -openmp -O0  energy.f -o energy.o 
ifort -c -xHost -g -check all -fpe0 -warn -traceback -debug extended -openmp -O0  eopbend.f -o eopbend.o 
ifort -c -xHost -g -check all -fpe0 -warn -traceback -debug extended -openmp -O0  eopbend1.f -o eopbend1.o 
ifort -c -xHost -g -check all -fpe0 -warn -traceback -debug extended -openmp -O0  eopbend2.f -o eopbend2.o 
ifort -c -xHost -g -check all -fpe0 -warn -traceback -debug extended -openmp -O0  eopbend3.f -o eopbend3.o 
ifort -c -xHost -g -check all -fpe0 -warn -traceback -debug extended -openmp -O0  eopdist.f -o eopdist.o 
ifort -c -xHost -g -check all -fpe0 -warn -traceback -debug extended -openmp -O0  eopdist1.f -o eopdist1.o 
ifort -c -xHost -g -check all -fpe0 -warn -traceback -debug extended -openmp -O0  eopdist2.f -o eopdist2.o 
ifort -c -xHost -g -check all -fpe0 -warn -traceback -debug extended -openmp -O0  eopdist3.f -o eopdist3.o 
ifort -c -xHost -g -check all -fpe0 -warn -traceback -debug extended -openmp -O0  epitors.f -o epitors.o 
ifort -c -xHost -g -check all -fpe0 -warn -traceback -debug extended -openmp -O0  epitors1.f -o epitors1.o 
ifort -c -xHost -g -check all -fpe0 -warn -traceback -debug extended -openmp -O0  epitors2.f -o epitors2.o 
ifort -c -xHost -g -check all -fpe0 -warn -traceback -debug extended -openmp -O0  epitors3.f -o epitors3.o 
ifort -c -xHost -g -check all -fpe0 -warn -traceback -debug extended -openmp -O0  epolar.f -o epolar.o 
ifort -c -xHost -g -check all -fpe0 -warn -traceback -debug extended -openmp -O0  epolar1.f -o epolar1.o 
ifort -c -xHost -g -check all -fpe0 -warn -traceback -debug extended -openmp -O0  epolar3.f -o epolar3.o 
ifort -c -xHost -g -check all -fpe0 -warn -traceback -debug extended -openmp -O0  erf.f -o erf.o 
ifort -c -xHost -g -check all -fpe0 -warn -traceback -debug extended -openmp -O0  rxnfld.f -o rxnfld.o 
ifort -c -xHost -g -check all -fpe0 -warn -traceback -debug extended -openmp -O0  rxnpot.f -o rxnpot.o 
ifort -c -xHost -g -check all -fpe0 -warn -traceback -debug extended -openmp -O0  erxnfld.f -o erxnfld.o 
ifort -c -xHost -g -check all -fpe0 -warn -traceback -debug extended -openmp -O0  erxnfld1.f -o erxnfld1.o 
ifort -c -xHost -g -check all -fpe0 -warn -traceback -debug extended -openmp -O0  erxnfld2.f -o erxnfld2.o 
ifort -c -xHost -g -check all -fpe0 -warn -traceback -debug extended -openmp -O0  erxnfld3.f -o erxnfld3.o 
ifort -c -xHost -g -check all -fpe0 -warn -traceback -debug extended -openmp -O0  gkstuf.f -o gkstuf.o 
ifort -c -xHost -g -check all -fpe0 -warn -traceback -debug extended -openmp -O0  hpmf.f -o hpmf.o 
ifort -c -xHost -g -check all -fpe0 -warn -traceback -debug extended -openmp -O0  nonpol.f -o nonpol.o 
ifort -c -xHost -g -check all -fpe0 -warn -traceback -debug extended -openmp -O0  esolv.f -o esolv.o 
ifort -c -xHost -g -check all -fpe0 -warn -traceback -debug extended -openmp -O0  esolv1.f -o esolv1.o 
ifort -c -xHost -g -check all -fpe0 -warn -traceback -debug extended -openmp -O0  esolv2.f -o esolv2.o 
ifort -c -xHost -g -check all -fpe0 -warn -traceback -debug extended -openmp -O0  esolv3.f -o esolv3.o 
ifort -c -xHost -g -check all -fpe0 -warn -traceback -debug extended -openmp -O0  estrbnd.f -o estrbnd.o 
ifort -c -xHost -g -check all -fpe0 -warn -traceback -debug extended -openmp -O0  estrbnd1.f -o estrbnd1.o 
ifort -c -xHost -g -check all -fpe0 -warn -traceback -debug extended -openmp -O0  estrbnd2.f -o estrbnd2.o 
ifort -c -xHost -g -check all -fpe0 -warn -traceback -debug extended -openmp -O0  estrbnd3.f -o estrbnd3.o 
ifort -c -xHost -g -check all -fpe0 -warn -traceback -debug extended -openmp -O0  estrtor.f -o estrtor.o 
ifort -c -xHost -g -check all -fpe0 -warn -traceback -debug extended -openmp -O0  estrtor1.f -o estrtor1.o 
ifort -c -xHost -g -check all -fpe0 -warn -traceback -debug extended -openmp -O0  estrtor2.f -o estrtor2.o 
ifort -c -xHost -g -check all -fpe0 -warn -traceback -debug extended -openmp -O0  estrtor3.f -o estrtor3.o 
ifort -c -xHost -g -check all -fpe0 -warn -traceback -debug extended -openmp -O0  etors.f -o etors.o 
ifort -c -xHost -g -check all -fpe0 -warn -traceback -debug extended -openmp -O0  etors1.f -o etors1.o 
ifort -c -xHost -g -check all -fpe0 -warn -traceback -debug extended -openmp -O0  etors2.f -o etors2.o 
ifort -c -xHost -g -check all -fpe0 -warn -traceback -debug extended -openmp -O0  etors3.f -o etors3.o 
ifort -c -xHost -g -check all -fpe0 -warn -traceback -debug extended -openmp -O0  etortor.f -o etortor.o 
ifort -c -xHost -g -check all -fpe0 -warn -traceback -debug extended -openmp -O0  etortor1.f -o etortor1.o 
ifort -c -xHost -g -check all -fpe0 -warn -traceback -debug extended -openmp -O0  etortor2.f -o etortor2.o 
ifort -c -xHost -g -check all -fpe0 -warn -traceback -debug extended -openmp -O0  etortor3.f -o etortor3.o 
ifort -c -xHost -g -check all -fpe0 -warn -traceback -debug extended -openmp -O0  urypot.f -o urypot.o 
ifort -c -xHost -g -check all -fpe0 -warn -traceback -debug extended -openmp -O0  eurey.f -o eurey.o 
ifort -c -xHost -g -check all -fpe0 -warn -traceback -debug extended -openmp -O0  eurey1.f -o eurey1.o 
ifort -c -xHost -g -check all -fpe0 -warn -traceback -debug extended -openmp -O0  eurey2.f -o eurey2.o 
ifort -c -xHost -g -check all -fpe0 -warn -traceback -debug extended -openmp -O0  eurey3.f -o eurey3.o 
ifort -c -xHost -g -check all -fpe0 -warn -traceback -debug extended -openmp -O0  evcorr.f -o evcorr.o 
ifort -c -xHost -g -check all -fpe0 -warn -traceback -debug extended -openmp -O0  extra.f -o extra.o 
ifort -c -xHost -g -check all -fpe0 -warn -traceback -debug extended -openmp -O0  extra1.f -o extra1.o 
ifort -c -xHost -g -check all -fpe0 -warn -traceback -debug extended -openmp -O0  extra2.f -o extra2.o 
ifort -c -xHost -g -check all -fpe0 -warn -traceback -debug extended -openmp -O0  extra3.f -o extra3.o 
ifort -c -xHost -g -check all -fpe0 -warn -traceback -debug extended -openmp -O0  fatal.f -o fatal.o 
ifort -c -xHost -g -check all -fpe0 -warn -traceback -debug extended -openmp -O0  fft.f -o fft.o 
ifort -c -xHost -g -check all -fpe0 -warn -traceback -debug extended -openmp -O0  openmp.f -o openmp.o 
ifort -c -xHost -g -check all -fpe0 -warn -traceback -debug extended -openmp -O0  fft3d.f -o fft3d.o 
ifort -c -xHost -g -check all -fpe0 -warn -traceback -debug extended -openmp -O0  fftpack.f -o fftpack.o 
ifort -c -xHost -g -check all -fpe0 -warn -traceback -debug extended -openmp -O0  field.f -o field.o 
ifort -c -xHost -g -check all -fpe0 -warn -traceback -debug extended -openmp -O0  fracs.f -o fracs.o 
ifort -c -xHost -g -check all -fpe0 -warn -traceback -debug extended -openmp -O0  kpolr.f -o kpolr.o 
ifort -c -xHost -g -check all -fpe0 -warn -traceback -debug extended -openmp -O0  merck.f -o merck.o 
ifort -c -xHost -g -check all -fpe0 -warn -traceback -debug extended -openmp -O0  omega.f -o omega.o 
ifort -c -xHost -g -check all -fpe0 -warn -traceback -debug extended -openmp -O0  orbits.f -o orbits.o 
ifort -c -xHost -g -check all -fpe0 -warn -traceback -debug extended -openmp -O0  paths.f -o paths.o 
ifort -c -xHost -g -check all -fpe0 -warn -traceback -debug extended -openmp -O0  pdb.f -o pdb.o 
ifort -c -xHost -g -check all -fpe0 -warn -traceback -debug extended -openmp -O0  potfit.f -o potfit.o 
ifort -c -xHost -g -check all -fpe0 -warn -traceback -debug extended -openmp -O0  qmstuf.f -o qmstuf.o 
ifort -c -xHost -g -check all -fpe0 -warn -traceback -debug extended -openmp -O0  rgddyn.f -o rgddyn.o 
ifort -c -xHost -g -check all -fpe0 -warn -traceback -debug extended -openmp -O0  ring.f -o ring.o 
ifort -c -xHost -g -check all -fpe0 -warn -traceback -debug extended -openmp -O0  rotbnd.f -o rotbnd.o 
ifort -c -xHost -g -check all -fpe0 -warn -traceback -debug extended -openmp -O0  socket.f -o socket.o 
ifort -c -xHost -g -check all -fpe0 -warn -traceback -debug extended -openmp -O0  syntrn.f -o syntrn.o 
ifort -c -xHost -g -check all -fpe0 -warn -traceback -debug extended -openmp -O0  uprior.f -o uprior.o 
ifort -c -xHost -g -check all -fpe0 -warn -traceback -debug extended -openmp -O0  usolve.f -o usolve.o 
ifort -c -xHost -g -check all -fpe0 -warn -traceback -debug extended -openmp -O0  vibs.f -o vibs.o 
ifort -c -xHost -g -check all -fpe0 -warn -traceback -debug extended -openmp -O0  final.f -o final.o 
ifort -c -xHost -g -check all -fpe0 -warn -traceback -debug extended -openmp -O0  flatten.f -o flatten.o 
ifort -c -xHost -g -check all -fpe0 -warn -traceback -debug extended -openmp -O0  freeunit.f -o freeunit.o 
ifort -c -xHost -g -check all -fpe0 -warn -traceback -debug extended -openmp -O0  gda.f -o gda.o 
ifort -c -xHost -g -check all -fpe0 -warn -traceback -debug extended -openmp -O0  geometry.f -o geometry.o 
ifort -c -xHost -g -check all -fpe0 -warn -traceback -debug extended -openmp -O0  getint.f -o getint.o 
ifort -c -xHost -g -check all -fpe0 -warn -traceback -debug extended -openmp -O0  getkey.f -o getkey.o 
ifort -c -xHost -g -check all -fpe0 -warn -traceback -debug extended -openmp -O0  getmol.f -o getmol.o 
ifort -c -xHost -g -check all -fpe0 -warn -traceback -debug extended -openmp -O0  getmol2.f -o getmol2.o 
ifort -c -xHost -g -check all -fpe0 -warn -traceback -debug extended -openmp -O0  getnumb.f -o getnumb.o 
ifort -c -xHost -g -check all -fpe0 -warn -traceback -debug extended -openmp -O0  getpdb.f -o getpdb.o 
ifort -c -xHost -g -check all -fpe0 -warn -traceback -debug extended -openmp -O0  params.f -o params.o 
ifort -c -xHost -g -check all -fpe0 -warn -traceback -debug extended -openmp -O0  getprm.f -o getprm.o 
ifort -c -xHost -g -check all -fpe0 -warn -traceback -debug extended -openmp -O0  getref.f -o getref.o 
ifort -c -xHost -g -check all -fpe0 -warn -traceback -debug extended -openmp -O0  getstring.f -o getstring.o 
ifort -c -xHost -g -check all -fpe0 -warn -traceback -debug extended -openmp -O0  gettext.f -o gettext.o 
ifort -c -xHost -g -check all -fpe0 -warn -traceback -debug extended -openmp -O0  getword.f -o getword.o 
ifort -c -xHost -g -check all -fpe0 -warn -traceback -debug extended -openmp -O0  getxyz.f -o getxyz.o 
ifort -c -xHost -g -check all -fpe0 -warn -traceback -debug extended -openmp -O0  ghmcstep.f -o ghmcstep.o 
ifort -c -xHost -g -check all -fpe0 -warn -traceback -debug extended -openmp -O0  gradient.f -o gradient.o 
ifort -c -xHost -g -check all -fpe0 -warn -traceback -debug extended -openmp -O0  gradrgd.f -o gradrgd.o 
ifort -c -xHost -g -check all -fpe0 -warn -traceback -debug extended -openmp -O0  gradrot.f -o gradrot.o 
ifort -c -xHost -g -check all -fpe0 -warn -traceback -debug extended -openmp -O0  groups.f -o groups.o 
ifort -c -xHost -g -check all -fpe0 -warn -traceback -debug extended -openmp -O0  grpline.f -o grpline.o 
ifort -c -xHost -g -check all -fpe0 -warn -traceback -debug extended -openmp -O0  gyrate.f -o gyrate.o 
ifort -c -xHost -g -check all -fpe0 -warn -traceback -debug extended -openmp -O0  hessian.f -o hessian.o 
ifort -c -xHost -g -check all -fpe0 -warn -traceback -debug extended -openmp -O0  hessrgd.f -o hessrgd.o 
ifort -c -xHost -g -check all -fpe0 -warn -traceback -debug extended -openmp -O0  hessrot.f -o hessrot.o 
ifort -c -xHost -g -check all -fpe0 -warn -traceback -debug extended -openmp -O0  kangs.f -o kangs.o 
ifort -c -xHost -g -check all -fpe0 -warn -traceback -debug extended -openmp -O0  kbonds.f -o kbonds.o 
ifort -c -xHost -g -check all -fpe0 -warn -traceback -debug extended -openmp -O0  kdipol.f -o kdipol.o 
ifort -c -xHost -g -check all -fpe0 -warn -traceback -debug extended -openmp -O0  kitors.f -o kitors.o 
ifort -c -xHost -g -check all -fpe0 -warn -traceback -debug extended -openmp -O0  kstbnd.f -o kstbnd.o 
ifort -c -xHost -g -check all -fpe0 -warn -traceback -debug extended -openmp -O0  ksttor.f -o ksttor.o 
ifort -c -xHost -g -check all -fpe0 -warn -traceback -debug extended -openmp -O0  ktorsn.f -o ktorsn.o 
ifort -c -xHost -g -check all -fpe0 -warn -traceback -debug extended -openmp -O0  hybrid.f -o hybrid.o 
ifort -c -xHost -g -check all -fpe0 -warn -traceback -debug extended -openmp -O0  image.f -o image.o 
ifort -c -xHost -g -check all -fpe0 -warn -traceback -debug extended -openmp -O0  impose.f -o impose.o 
ifort -c -xHost -g -check all -fpe0 -warn -traceback -debug extended -openmp -O0  induce.f -o induce.o 
ifort -c -xHost -g -check all -fpe0 -warn -traceback -debug extended -openmp -O0  inertia.f -o inertia.o 
ifort -c -xHost -g -check all -fpe0 -warn -traceback -debug extended -openmp -O0  ptable.f -o ptable.o 
ifort -c -xHost -g -check all -fpe0 -warn -traceback -debug extended -openmp -O0  initatom.f -o initatom.o 
ifort -c -xHost -g -check all -fpe0 -warn -traceback -debug extended -openmp -O0  linmin.f -o linmin.o 
ifort -c -xHost -g -check all -fpe0 -warn -traceback -debug extended -openmp -O0  precis.f -o precis.o 
ifort -c -xHost -g -check all -fpe0 -warn -traceback -debug extended -openmp -O0  scales.f -o scales.o 
ifort -c -xHost -g -check all -fpe0 -warn -traceback -debug extended -openmp -O0  sequen.f -o sequen.o 
ifort -c -xHost -g -check all -fpe0 -warn -traceback -debug extended -openmp -O0  initial.f -o initial.o 
ifort -c -xHost -g -check all -fpe0 -warn -traceback -debug extended -openmp -O0  kanang.f -o kanang.o 
ifort -c -xHost -g -check all -fpe0 -warn -traceback -debug extended -openmp -O0  kantor.f -o kantor.o 
ifort -c -xHost -g -check all -fpe0 -warn -traceback -debug extended -openmp -O0  khbond.f -o khbond.o 
ifort -c -xHost -g -check all -fpe0 -warn -traceback -debug extended -openmp -O0  kiprop.f -o kiprop.o 
ifort -c -xHost -g -check all -fpe0 -warn -traceback -debug extended -openmp -O0  kmulti.f -o kmulti.o 
ifort -c -xHost -g -check all -fpe0 -warn -traceback -debug extended -openmp -O0  kopbnd.f -o kopbnd.o 
ifort -c -xHost -g -check all -fpe0 -warn -traceback -debug extended -openmp -O0  kopdst.f -o kopdst.o 
ifort -c -xHost -g -check all -fpe0 -warn -traceback -debug extended -openmp -O0  kpitor.f -o kpitor.o 
ifort -c -xHost -g -check all -fpe0 -warn -traceback -debug extended -openmp -O0  kurybr.f -o kurybr.o 
ifort -c -xHost -g -check all -fpe0 -warn -traceback -debug extended -openmp -O0  kvdwpr.f -o kvdwpr.o 
ifort -c -xHost -g -check all -fpe0 -warn -traceback -debug extended -openmp -O0  initprm.f -o initprm.o 
ifort -c -xHost -g -check all -fpe0 -warn -traceback -debug extended -openmp -O0  resdue.f -o resdue.o 
ifort -c -xHost -g -check all -fpe0 -warn -traceback -debug extended -openmp -O0  initres.f -o initres.o 
ifort -c -xHost -g -check all -fpe0 -warn -traceback -debug extended -openmp -O0  initrot.f -o initrot.o 
ifort -c -xHost -g -check all -fpe0 -warn -traceback -debug extended -openmp -O0  insert.f -o insert.o 
ifort -c -xHost -g -check all -fpe0 -warn -traceback -debug extended -openmp -O0  intedit.f -o intedit.o 
ifort -c -xHost -g -check all -fpe0 -warn -traceback -debug extended -openmp -O0  intxyz.f -o intxyz.o 
ifort -c -xHost -g -check all -fpe0 -warn -traceback -debug extended -openmp -O0  invbeta.f -o invbeta.o 
ifort -c -xHost -g -check all -fpe0 -warn -traceback -debug extended -openmp -O0  invert.f -o invert.o 
ifort -c -xHost -g -check all -fpe0 -warn -traceback -debug extended -openmp -O0  jacobi.f -o jacobi.o 
ifort -c -xHost -g -check all -fpe0 -warn -traceback -debug extended -openmp -O0  kangang.f -o kangang.o 
ifort -c -xHost -g -check all -fpe0 -warn -traceback -debug extended -openmp -O0  kangle.f -o kangle.o 
ifort -c -xHost -g -check all -fpe0 -warn -traceback -debug extended -openmp -O0  kangtor.f -o kangtor.o 
ifort -c -xHost -g -check all -fpe0 -warn -traceback -debug extended -openmp -O0  katom.f -o katom.o 
ifort -c -xHost -g -check all -fpe0 -warn -traceback -debug extended -openmp -O0  kbond.f -o kbond.o 
ifort -c -xHost -g -check all -fpe0 -warn -traceback -debug extended -openmp -O0  kcharge.f -o kcharge.o 
ifort -c -xHost -g -check all -fpe0 -warn -traceback -debug extended -openmp -O0  kdipole.f -o kdipole.o 
ifort -c -xHost -g -check all -fpe0 -warn -traceback -debug extended -openmp -O0  kewald.f -o kewald.o 
ifort -c -xHost -g -check all -fpe0 -warn -traceback -debug extended -openmp -O0  kextra.f -o kextra.o 
ifort -c -xHost -g -check all -fpe0 -warn -traceback -debug extended -openmp -O0  kcp.f -o kcp.o 
ifort -c -xHost -g -check all -fpe0 -warn -traceback -debug extended -openmp -O0  kgeom.f -o kgeom.o 
ifort -c -xHost -g -check all -fpe0 -warn -traceback -debug extended -openmp -O0  kimprop.f -o kimprop.o 
ifort -c -xHost -g -check all -fpe0 -warn -traceback -debug extended -openmp -O0  kimptor.f -o kimptor.o 
ifort -c -xHost -g -check all -fpe0 -warn -traceback -debug extended -openmp -O0  kinetic.f -o kinetic.o 
ifort -c -xHost -g -check all -fpe0 -warn -traceback -debug extended -openmp -O0  kmetal.f -o kmetal.o 
ifort -c -xHost -g -check all -fpe0 -warn -traceback -debug extended -openmp -O0  kmpole.f -o kmpole.o 
ifort -c -xHost -g -check all -fpe0 -warn -traceback -debug extended -openmp -O0  kopbend.f -o kopbend.o 
ifort -c -xHost -g -check all -fpe0 -warn -traceback -debug extended -openmp -O0  kopdist.f -o kopdist.o 
ifort -c -xHost -g -check all -fpe0 -warn -traceback -debug extended -openmp -O0  korbit.f -o korbit.o 
ifort -c -xHost -g -check all -fpe0 -warn -traceback -debug extended -openmp -O0  kpitors.f -o kpitors.o 
ifort -c -xHost -g -check all -fpe0 -warn -traceback -debug extended -openmp -O0  kpolar.f -o kpolar.o 
ifort -c -xHost -g -check all -fpe0 -warn -traceback -debug extended -openmp -O0  ksolv.f -o ksolv.o 
ifort -c -xHost -g -check all -fpe0 -warn -traceback -debug extended -openmp -O0  kstrbnd.f -o kstrbnd.o 
ifort -c -xHost -g -check all -fpe0 -warn -traceback -debug extended -openmp -O0  kstrtor.f -o kstrtor.o 
ifort -c -xHost -g -check all -fpe0 -warn -traceback -debug extended -openmp -O0  ktors.f -o ktors.o 
ifort -c -xHost -g -check all -fpe0 -warn -traceback -debug extended -openmp -O0  ktortor.f -o ktortor.o 
ifort -c -xHost -g -check all -fpe0 -warn -traceback -debug extended -openmp -O0  kurey.f -o kurey.o 
ifort -c -xHost -g -check all -fpe0 -warn -traceback -debug extended -openmp -O0  kctr.f -o kctr.o 
ifort -c -xHost -g -check all -fpe0 -warn -traceback -debug extended -openmp -O0  kvdw.f -o kvdw.o 
ifort -c -xHost -g -check all -fpe0 -warn -traceback -debug extended -openmp -O0  lattice.f -o lattice.o 
ifort -c -xHost -g -check all -fpe0 -warn -traceback -debug extended -openmp -O0  lbfgs.f -o lbfgs.o 
ifort -c -xHost -g -check all -fpe0 -warn -traceback -debug extended -openmp -O0  lights.f -o lights.o 
ifort -c -xHost -g -check all -fpe0 -warn -traceback -debug extended -openmp -O0  makeint.f -o makeint.o 
ifort -c -xHost -g -check all -fpe0 -warn -traceback -debug extended -openmp -O0  makeref.f -o makeref.o 
ifort -c -xHost -g -check all -fpe0 -warn -traceback -debug extended -openmp -O0  makexyz.f -o makexyz.o 
ifort -c -xHost -g -check all -fpe0 -warn -traceback -debug extended -openmp -O0  maxwell.f -o maxwell.o 
ifort -c -xHost -g -check all -fpe0 -warn -traceback -debug extended -openmp -O0  mdinit.f -o mdinit.o 
ifort -c -xHost -g -check all -fpe0 -warn -traceback -debug extended -openmp -O0  mdrest.f -o mdrest.o 
ifort -c -xHost -g -check all -fpe0 -warn -traceback -debug extended -openmp -O0  mdsave.f -o mdsave.o 
ifort -c -xHost -g -check all -fpe0 -warn -traceback -debug extended -openmp -O0  mdstat.f -o mdstat.o 
ifort -c -xHost -g -check all -fpe0 -warn -traceback -debug extended -openmp -O0  mechanic.f -o mechanic.o 
ifort -c -xHost -g -check all -fpe0 -warn -traceback -debug extended -openmp -O0  merge.f -o merge.o 
ifort -c -xHost -g -check all -fpe0 -warn -traceback -debug extended -openmp -O0  minimize.f -o minimize.o 
ifort -c -xHost -g -check all -fpe0 -warn -traceback -debug extended -openmp -O0  minirot.f -o minirot.o 
ifort -c -xHost -g -check all -fpe0 -warn -traceback -debug extended -openmp -O0  minrigid.f -o minrigid.o 
ifort -c -xHost -g -check all -fpe0 -warn -traceback -debug extended -openmp -O0  molecule.f -o molecule.o 
ifort -c -xHost -g -check all -fpe0 -warn -traceback -debug extended -openmp -O0  molxyz.f -o molxyz.o 
ifort -c -xHost -g -check all -fpe0 -warn -traceback -debug extended -openmp -O0  moments.f -o moments.o 
ifort -c -xHost -g -check all -fpe0 -warn -traceback -debug extended -openmp -O0  monte.f -o monte.o 
ifort -c -xHost -g -check all -fpe0 -warn -traceback -debug extended -openmp -O0  mutate.f -o mutate.o 
ifort -c -xHost -g -check all -fpe0 -warn -traceback -debug extended -openmp -O0  nblist.f -o nblist.o 
ifort -c -xHost -g -check all -fpe0 -warn -traceback -debug extended -openmp -O0  newton.f -o newton.o 
ifort -c -xHost -g -check all -fpe0 -warn -traceback -debug extended -openmp -O0  newtrot.f -o newtrot.o 
ifort -c -xHost -g -check all -fpe0 -warn -traceback -debug extended -openmp -O0  nextarg.f -o nextarg.o 
ifort -c -xHost -g -check all -fpe0 -warn -traceback -debug extended -openmp -O0  nexttext.f -o nexttext.o 
ifort -c -xHost -g -check all -fpe0 -warn -traceback -debug extended -openmp -O0  nose.f -o nose.o 
ifort -c -xHost -g -check all -fpe0 -warn -traceback -debug extended -openmp -O0  nspline.f -o nspline.o 
ifort -c -xHost -g -check all -fpe0 -warn -traceback -debug extended -openmp -O0  nucleo.f -o nucleo.o 
ifort -c -xHost -g -check all -fpe0 -warn -traceback -debug extended -openmp -O0  nucleic.f -o nucleic.o 
ifort -c -xHost -g -check all -fpe0 -warn -traceback -debug extended -openmp -O0  number.f -o number.o 
ifort -c -xHost -g -check all -fpe0 -warn -traceback -debug extended -openmp -O0  numeral.f -o numeral.o 
ifort -c -xHost -g -check all -fpe0 -warn -traceback -debug extended -openmp -O0  numgrad.f -o numgrad.o 
ifort -c -xHost -g -check all -fpe0 -warn -traceback -debug extended -openmp -O0  ocvm.f -o ocvm.o 
ifort -c -xHost -g -check all -fpe0 -warn -traceback -debug extended -openmp -O0  openend.f -o openend.o 
ifort -c -xHost -g -check all -fpe0 -warn -traceback -debug extended -openmp -O0  optimize.f -o optimize.o 
ifort -c -xHost -g -check all -fpe0 -warn -traceback -debug extended -openmp -O0  optirot.f -o optirot.o 
ifort -c -xHost -g -check all -fpe0 -warn -traceback -debug extended -openmp -O0  optrigid.f -o optrigid.o 
ifort -c -xHost -g -check all -fpe0 -warn -traceback -debug extended -openmp -O0  optsave.f -o optsave.o 
ifort -c -xHost -g -check all -fpe0 -warn -traceback -debug extended -openmp -O0  orbital.f -o orbital.o 
ifort -c -xHost -g -check all -fpe0 -warn -traceback -debug extended -openmp -O0  orient.f -o orient.o 
ifort -c -xHost -g -check all -fpe0 -warn -traceback -debug extended -openmp -O0  orthog.f -o orthog.o 
ifort -c -xHost -g -check all -fpe0 -warn -traceback -debug extended -openmp -O0  overlap.f -o overlap.o 
ifort -c -xHost -g -check all -fpe0 -warn -traceback -debug extended -openmp -O0  path.f -o path.o 
ifort -c -xHost -g -check all -fpe0 -warn -traceback -debug extended -openmp -O0  pdbxyz.f -o pdbxyz.o 
ifort -c -xHost -g -check all -fpe0 -warn -traceback -debug extended -openmp -O0  phipsi.f -o phipsi.o 
ifort -c -xHost -g -check all -fpe0 -warn -traceback -debug extended -openmp -O0  picalc.f -o picalc.o 
ifort -c -xHost -g -check all -fpe0 -warn -traceback -debug extended -openmp -O0  pmestuff.f -o pmestuff.o 
ifort -c -xHost -g -check all -fpe0 -warn -traceback -debug extended -openmp -O0  pmpb.f -o pmpb.o 
ifort -c -xHost -g -check all -fpe0 -warn -traceback -debug extended -openmp -O0  polarize.f -o polarize.o 
ifort -c -xHost -g -check all -fpe0 -warn -traceback -debug extended -openmp -O0  poledit.f -o poledit.o 
ifort -c -xHost -g -check all -fpe0 -warn -traceback -debug extended -openmp -O0  polymer.f -o polymer.o 
ifort -c -xHost -g -check all -fpe0 -warn -traceback -debug extended -openmp -O0  potential.f -o potential.o 
ifort -c -xHost -g -check all -fpe0 -warn -traceback -debug extended -openmp -O0  precise.f -o precise.o 
ifort -c -xHost -g -check all -fpe0 -warn -traceback -debug extended -openmp -O0  pressure.f -o pressure.o 
ifort -c -xHost -g -check all -fpe0 -warn -traceback -debug extended -openmp -O0  prmedit.f -o prmedit.o 
ifort -c -xHost -g -check all -fpe0 -warn -traceback -debug extended -openmp -O0  prmkey.f -o prmkey.o 
ifort -c -xHost -g -check all -fpe0 -warn -traceback -debug extended -openmp -O0  promo.f -o promo.o 
ifort -c -xHost -g -check all -fpe0 -warn -traceback -debug extended -openmp -O0  protein.f -o protein.o 
ifort -c -xHost -g -check all -fpe0 -warn -traceback -debug extended -openmp -O0  prtdyn.f -o prtdyn.o 
ifort -c -xHost -g -check all -fpe0 -warn -traceback -debug extended -openmp -O0  prterr.f -o prterr.o 
ifort -c -xHost -g -check all -fpe0 -warn -traceback -debug extended -openmp -O0  prtint.f -o prtint.o 
ifort -c -xHost -g -check all -fpe0 -warn -traceback -debug extended -openmp -O0  prtmol2.f -o prtmol2.o 
ifort -c -xHost -g -check all -fpe0 -warn -traceback -debug extended -openmp -O0  prtpdb.f -o prtpdb.o 
ifort -c -xHost -g -check all -fpe0 -warn -traceback -debug extended -openmp -O0  prtprm.f -o prtprm.o 
ifort -c -xHost -g -check all -fpe0 -warn -traceback -debug extended -openmp -O0  prtseq.f -o prtseq.o 
ifort -c -xHost -g -check all -fpe0 -warn -traceback -debug extended -openmp -O0  prtxyz.f -o prtxyz.o 
ifort -c -xHost -g -check all -fpe0 -warn -traceback -debug extended -openmp -O0  tree.f -o tree.o 
ifort -c -xHost -g -check all -fpe0 -warn -traceback -debug extended -openmp -O0  pss.f -o pss.o 
ifort -c -xHost -g -check all -fpe0 -warn -traceback -debug extended -openmp -O0  pssrigid.f -o pssrigid.o 
ifort -c -xHost -g -check all -fpe0 -warn -traceback -debug extended -openmp -O0  pssrot.f -o pssrot.o 
ifort -c -xHost -g -check all -fpe0 -warn -traceback -debug extended -openmp -O0  qrfact.f -o qrfact.o 
ifort -c -xHost -g -check all -fpe0 -warn -traceback -debug extended -openmp -O0  quatfit.f -o quatfit.o 
ifort -c -xHost -g -check all -fpe0 -warn -traceback -debug extended -openmp -O0  radial.f -o radial.o 
ifort -c -xHost -g -check all -fpe0 -warn -traceback -debug extended -openmp -O0  random.f -o random.o 
ifort -c -xHost -g -check all -fpe0 -warn -traceback -debug extended -openmp -O0  rattle.f -o rattle.o 
ifort -c -xHost -g -check all -fpe0 -warn -traceback -debug extended -openmp -O0  readdyn.f -o readdyn.o 
ifort -c -xHost -g -check all -fpe0 -warn -traceback -debug extended -openmp -O0  readgau.f -o readgau.o 
ifort -c -xHost -g -check all -fpe0 -warn -traceback -debug extended -openmp -O0  readint.f -o readint.o 
ifort -c -xHost -g -check all -fpe0 -warn -traceback -debug extended -openmp -O0  readmol.f -o readmol.o 
ifort -c -xHost -g -check all -fpe0 -warn -traceback -debug extended -openmp -O0  readmol2.f -o readmol2.o 
ifort -c -xHost -g -check all -fpe0 -warn -traceback -debug extended -openmp -O0  readpdb.f -o readpdb.o 
ifort -c -xHost -g -check all -fpe0 -warn -traceback -debug extended -openmp -O0  readprm.f -o readprm.o 
ifort -c -xHost -g -check all -fpe0 -warn -traceback -debug extended -openmp -O0  readseq.f -o readseq.o 
ifort -c -xHost -g -check all -fpe0 -warn -traceback -debug extended -openmp -O0  readxyz.f -o readxyz.o 
ifort -c -xHost -g -check all -fpe0 -warn -traceback -debug extended -openmp -O0  replica.f -o replica.o 
ifort -c -xHost -g -check all -fpe0 -warn -traceback -debug extended -openmp -O0  respa.f -o respa.o 
ifort -c -xHost -g -check all -fpe0 -warn -traceback -debug extended -openmp -O0  rgdstep.f -o rgdstep.o 
ifort -c -xHost -g -check all -fpe0 -warn -traceback -debug extended -openmp -O0  rings.f -o rings.o 
ifort -c -xHost -g -check all -fpe0 -warn -traceback -debug extended -openmp -O0  rmsfit.f -o rmsfit.o 
ifort -c -xHost -g -check all -fpe0 -warn -traceback -debug extended -openmp -O0  rotlist.f -o rotlist.o 
ifort -c -xHost -g -check all -fpe0 -warn -traceback -debug extended -openmp -O0  rotpole.f -o rotpole.o 
ifort -c -xHost -g -check all -fpe0 -warn -traceback -debug extended -openmp -O0  saddle.f -o saddle.o 
ifort -c -xHost -g -check all -fpe0 -warn -traceback -debug extended -openmp -O0  scan.f -o scan.o 
ifort -c -xHost -g -check all -fpe0 -warn -traceback -debug extended -openmp -O0  sdstep.f -o sdstep.o 
ifort -c -xHost -g -check all -fpe0 -warn -traceback -debug extended -openmp -O0  search.f -o search.o 
ifort -c -xHost -g -check all -fpe0 -warn -traceback -debug extended -openmp -O0  server.f -o server.o 
ifort -c -xHost -g -check all -fpe0 -warn -traceback -debug extended -openmp -O0  shakeup.f -o shakeup.o 
ifort -c -xHost -g -check all -fpe0 -warn -traceback -debug extended -openmp -O0  sigmoid.f -o sigmoid.o 
ifort -c -xHost -g -check all -fpe0 -warn -traceback -debug extended -openmp -O0  simplex.f -o simplex.o 
ifort -c -xHost -g -check all -fpe0 -warn -traceback -debug extended -openmp -O0  sktstuff.f -o sktstuff.o 
ifort -c -xHost -g -check all -fpe0 -warn -traceback -debug extended -openmp -O0  sniffer.f -o sniffer.o 
ifort -c -xHost -g -check all -fpe0 -warn -traceback -debug extended -openmp -O0  sort.f -o sort.o 
ifort -c -xHost -g -check all -fpe0 -warn -traceback -debug extended -openmp -O0  spacefill.f -o spacefill.o 
ifort -c -xHost -g -check all -fpe0 -warn -traceback -debug extended -openmp -O0  spectrum.f -o spectrum.o 
ifort -c -xHost -g -check all -fpe0 -warn -traceback -debug extended -openmp -O0  square.f -o square.o 
ifort -c -xHost -g -check all -fpe0 -warn -traceback -debug extended -openmp -O0  suffix.f -o suffix.o 
ifort -c -xHost -g -check all -fpe0 -warn -traceback -debug extended -openmp -O0  superpose.f -o superpose.o 
ifort -c -xHost -g -check all -fpe0 -warn -traceback -debug extended -openmp -O0  surface.f -o surface.o 
ifort -c -xHost -g -check all -fpe0 -warn -traceback -debug extended -openmp -O0  surfatom.f -o surfatom.o 
ifort -c -xHost -g -check all -fpe0 -warn -traceback -debug extended -openmp -O0  switch.f -o switch.o 
ifort -c -xHost -g -check all -fpe0 -warn -traceback -debug extended -openmp -O0  sybylxyz.f -o sybylxyz.o 
ifort -c -xHost -g -check all -fpe0 -warn -traceback -debug extended -openmp -O0  temper.f -o temper.o 
ifort -c -xHost -g -check all -fpe0 -warn -traceback -debug extended -openmp -O0  testgrad.f -o testgrad.o 
ifort -c -xHost -g -check all -fpe0 -warn -traceback -debug extended -openmp -O0  testhess.f -o testhess.o 
ifort -c -xHost -g -check all -fpe0 -warn -traceback -debug extended -openmp -O0  testpair.f -o testpair.o 
ifort -c -xHost -g -check all -fpe0 -warn -traceback -debug extended -openmp -O0  testpol.f -o testpol.o 
ifort -c -xHost -g -check all -fpe0 -warn -traceback -debug extended -openmp -O0  testrot.f -o testrot.o 
ifort -c -xHost -g -check all -fpe0 -warn -traceback -debug extended -openmp -O0  timer.f -o timer.o 
ifort -c -xHost -g -check all -fpe0 -warn -traceback -debug extended -openmp -O0  timerot.f -o timerot.o 
ifort -c -xHost -g -check all -fpe0 -warn -traceback -debug extended -openmp -O0  tncg.f -o tncg.o 
ifort -c -xHost -g -check all -fpe0 -warn -traceback -debug extended -openmp -O0  torphase.f -o torphase.o 
ifort -c -xHost -g -check all -fpe0 -warn -traceback -debug extended -openmp -O0  torque.f -o torque.o 
ifort -c -xHost -g -check all -fpe0 -warn -traceback -debug extended -openmp -O0  torsfit.f -o torsfit.o 
ifort -c -xHost -g -check all -fpe0 -warn -traceback -debug extended -openmp -O0  torsions.f -o torsions.o 
ifort -c -xHost -g -check all -fpe0 -warn -traceback -debug extended -openmp -O0  trimtext.f -o trimtext.o 
ifort -c -xHost -g -check all -fpe0 -warn -traceback -debug extended -openmp -O0  unitcell.f -o unitcell.o 
ifort -c -xHost -g -check all -fpe0 -warn -traceback -debug extended -openmp -O0  valfit.f -o valfit.o 
ifort -c -xHost -g -check all -fpe0 -warn -traceback -debug extended -openmp -O0  valence.f -o valence.o 
ifort -c -xHost -g -check all -fpe0 -warn -traceback -debug extended -openmp -O0  verlet.f -o verlet.o 
ifort -c -xHost -g -check all -fpe0 -warn -traceback -debug extended -openmp -O0  version.f -o version.o 
ifort -c -xHost -g -check all -fpe0 -warn -traceback -debug extended -openmp -O0  vibbig.f -o vibbig.o 
ifort -c -xHost -g -check all -fpe0 -warn -traceback -debug extended -openmp -O0  vibrate.f -o vibrate.o 
ifort -c -xHost -g -check all -fpe0 -warn -traceback -debug extended -openmp -O0  vibrot.f -o vibrot.o 
ifort -c -xHost -g -check all -fpe0 -warn -traceback -debug extended -openmp -O0  volume.f -o volume.o 
ifort -c -xHost -g -check all -fpe0 -warn -traceback -debug extended -openmp -O0  xtals.f -o xtals.o 
ifort -c -xHost -g -check all -fpe0 -warn -traceback -debug extended -openmp -O0  xtalfit.f -o xtalfit.o 
ifort -c -xHost -g -check all -fpe0 -warn -traceback -debug extended -openmp -O0  xtalmin.f -o xtalmin.o 
ifort -c -xHost -g -check all -fpe0 -warn -traceback -debug extended -openmp -O0  xyzatm.f -o xyzatm.o 
ifort -c -xHost -g -check all -fpe0 -warn -traceback -debug extended -openmp -O0  xyzedit.f -o xyzedit.o 
ifort -c -xHost -g -check all -fpe0 -warn -traceback -debug extended -openmp -O0  xyzint.f -o xyzint.o 
ifort -c -xHost -g -check all -fpe0 -warn -traceback -debug extended -openmp -O0  xyzpdb.f -o xyzpdb.o 
ifort -c -xHost -g -check all -fpe0 -warn -traceback -debug extended -openmp -O0  xyzsybyl.f -o xyzsybyl.o 
ifort -c -xHost -g -check all -fpe0 -warn -traceback -debug extended -openmp -O0  zatom.f -o zatom.o 
ar -crusv libtinker.a \
	action.o \
	active.o \
	align.o \
	analysis.o \
	analyz.o \
	angang.o \
	angbnd.o \
	angles.o \
	angpot.o \
	angtor.o \
	argue.o \
	ascii.o \
	atmlst.o \
	atomid.o \
	atoms.o \
	attach.o \
	basefile.o \
	bath.o \
	beeman.o \
	bicubic.o \
	bitor.o \
	bitors.o \
	bndpot.o \
	bndstr.o \
	bonds.o \
	born.o \
	bound.o \
	bounds.o \
	boxes.o \
	bussi.o \
	calendar.o \
	cell.o \
	center.o \
	charge.o \
	ctran.o \
	chgpot.o \
	chgpen.o \
	chkpole.o \
	chkring.o \
	chkxyz.o \
	cholesky.o \
	chrono.o \
	chunks.o \
	clock.o \
	cluster.o \
	column.o \
	command.o \
	connect.o \
	connolly.o \
	control.o \
	couple.o \
	cspline.o \
	cutoffs.o \
	deflate.o \
	delete.o \
	deriv.o \
	diagq.o \
	diffeq.o \
	dipole.o \
	disgeo.o \
	dma.o \
	domega.o \
	eangang.o \
	eangang1.o \
	eangang2.o \
	eangang3.o \
	eangle.o \
	eangle1.o \
	eangle2.o \
	eangle3.o \
	eangtor.o \
	eangtor1.o \
	eangtor2.o \
	eangtor3.o \
	ebond.o \
	ebond1.o \
	ebond2.o \
	ebond3.o \
	ebuck.o \
	ebuck1.o \
	ebuck2.o \
	ebuck3.o \
	echarge.o \
	echarge1.o \
	echarge2.o \
	echarge3.o \
	echgdpl.o \
	echgdpl1.o \
	echgdpl2.o \
	echgdpl3.o \
	edipole.o \
	edipole1.o \
	edipole2.o \
	edipole3.o \
	egauss.o \
	egauss1.o \
	egauss2.o \
	egauss3.o \
	egeom.o \
	egeom1.o \
	egeom2.o \
	egeom3.o \
	ehal.o \
	ehal1.o \
	ehal2.o \
	ehal3.o \
	eimprop.o \
	eimprop1.o \
	eimprop2.o \
	eimprop3.o \
	eimptor.o \
	eimptor1.o \
	eimptor2.o \
	eimptor3.o \
	elj.o \
	elj1.o \
	elj2.o \
	elj3.o \
	ect0.o \
	ect1.o \
	ect3.o \
	embed.o \
	emetal.o \
	emetal1.o \
	emetal2.o \
	emetal3.o \
	emm3hb.o \
	emm3hb1.o \
	emm3hb2.o \
	emm3hb3.o \
	empole.o \
	empole1.o \
	empole3.o \
	energi.o \
	energy.o \
	eopbend.o \
	eopbend1.o \
	eopbend2.o \
	eopbend3.o \
	eopdist.o \
	eopdist1.o \
	eopdist2.o \
	eopdist3.o \
	epitors.o \
	epitors1.o \
	epitors2.o \
	epitors3.o \
	epolar.o \
	epolar1.o \
	epolar3.o \
	erf.o \
	erxnfld.o \
	erxnfld1.o \
	erxnfld2.o \
	erxnfld3.o \
	esolv.o \
	esolv1.o \
	esolv2.o \
	esolv3.o \
	estrbnd.o \
	estrbnd1.o \
	estrbnd2.o \
	estrbnd3.o \
	estrtor.o \
	estrtor1.o \
	estrtor2.o \
	estrtor3.o \
	etors.o \
	etors1.o \
	etors2.o \
	etors3.o \
	etortor.o \
	etortor1.o \
	etortor2.o \
	etortor3.o \
	eurey.o \
	eurey1.o \
	eurey2.o \
	eurey3.o \
	evcorr.o \
	ewald.o \
	extra.o \
	extra1.o \
	extra2.o \
	extra3.o \
	faces.o \
	fatal.o \
	fft.o \
	fft3d.o \
	fftpack.o \
	field.o \
	fields.o \
	files.o \
	final.o \
	flatten.o \
	fracs.o \
	freeunit.o \
	freeze.o \
	geometry.o \
	getint.o \
	getkey.o \
	getmol.o \
	getmol2.o \
	getnumb.o \
	getpdb.o \
	getprm.o \
	getref.o \
	getstring.o \
	gettext.o \
	getword.o \
	getxyz.o \
	ghmcstep.o \
	gkstuf.o \
	gradient.o \
	gradrgd.o \
	gradrot.o \
	group.o \
	groups.o \
	grpline.o \
	gyrate.o \
	hescut.o \
	hessian.o \
	hessn.o \
	hessrgd.o \
	hessrot.o \
	hpmf.o \
	hybrid.o \
	ielscf.o \
	image.o \
	impose.o \
	improp.o \
	imptor.o \
	induce.o \
	inertia.o \
	inform.o \
	initatom.o \
	initial.o \
	initprm.o \
	initres.o \
	initrot.o \
	insert.o \
	inter.o \
	invbeta.o \
	invert.o \
	iounit.o \
	jacobi.o \
	kanang.o \
	kangang.o \
	kangle.o \
	kangs.o \
	kangtor.o \
	kantor.o \
	katom.o \
	katoms.o \
	kbond.o \
	kbonds.o \
	kcharge.o \
	kchrge.o \
	kdipol.o \
	kdipole.o \
	kewald.o \
	kextra.o \
	kcp.o \
	keys.o \
	kgeom.o \
	khbond.o \
	kimprop.o \
	kimptor.o \
	kinetic.o \
	kiprop.o \
	kitors.o \
	kmetal.o \
	kmpole.o \
	kmulti.o \
	kopbend.o \
	kopbnd.o \
	kopdist.o \
	kopdst.o \
	korbit.o \
	korbs.o \
	kpitor.o \
	kpitors.o \
	kpolar.o \
	kpolr.o \
	ksolv.o \
	kstbnd.o \
	kstrbnd.o \
	kstrtor.o \
	ksttor.o \
	ktors.o \
	ktorsn.o \
	ktortor.o \
	ktrtor.o \
	kurey.o \
	kurybr.o \
	kctr.o \
	kvdw.o \
	kvdwpr.o \
	kvdws.o \
	lattice.o \
	lbfgs.o \
	light.o \
	lights.o \
	limits.o \
	linmin.o \
	makeint.o \
	makeref.o \
	makexyz.o \
	math.o \
	maxwell.o \
	mdinit.o \
	mdrest.o \
	mdsave.o \
	mdstat.o \
	mdstuf.o \
	mechanic.o \
	merck.o \
	merge.o \
	minima.o \
	molcul.o \
	moldyn.o \
	molecule.o \
	moment.o \
	moments.o \
	mplpot.o \
	mpole.o \
	mrecip.o \
	mutant.o \
	mutate.o \
	nblist.o \
	neigh.o \
	nextarg.o \
	nexttext.o \
	nonpol.o \
	nose.o \
	nspline.o \
	nucleo.o \
	number.o \
	numeral.o \
	numgrad.o \
	ocvm.o \
	omega.o \
	opbend.o \
	opdist.o \
	openend.o \
	openmp.o \
	optsave.o \
	orbital.o \
	orbits.o \
	orient.o \
	orthog.o \
	output.o \
	overlap.o \
	params.o \
	paths.o \
	pbstuf.o \
	pdb.o \
	phipsi.o \
	picalc.o \
	piorbs.o \
	pistuf.o \
	pitors.o \
	pme.o \
	pmestuff.o \
	pmpb.o \
	polar.o \
	polgrp.o \
	polpot.o \
	polymer.o \
	potent.o \
	potfit.o \
	precis.o \
	precise.o \
	pressure.o \
	prmkey.o \
	promo.o \
	prtdyn.o \
	prterr.o \
	prtint.o \
	prtmol2.o \
	prtpdb.o \
	prtprm.o \
	prtseq.o \
	prtxyz.o \
	ptable.o \
	qmstuf.o \
	qrfact.o \
	quatfit.o \
	random.o \
	rattle.o \
	readdyn.o \
	readgau.o \
	readgdma.o \
	readint.o \
	readmol.o \
	readmol2.o \
	readpdb.o \
	readprm.o \
	readseq.o \
	readxyz.o \
	refer.o \
	replica.o \
	resdue.o \
	respa.o \
	restrn.o \
	rgddyn.o \
	rgdstep.o \
	rigid.o \
	ring.o \
	rings.o \
	rmsfit.o \
	rotbnd.o \
	rotlist.o \
	rotpole.o \
	rxnfld.o \
	rxnpot.o \
	scales.o \
	sdstep.o \
	search.o \
	sequen.o \
	server.o \
	shakeup.o \
	shunt.o \
	sigmoid.o \
	simplex.o \
	sizes.o \
	sktstuff.o \
	socket.o \
	solute.o \
	sort.o \
	square.o \
	stodyn.o \
	strbnd.o \
	strtor.o \
	suffix.o \
	surface.o \
	surfatom.o \
	switch.o \
	syntrn.o \
	tarray.o \
	temper.o \
	titles.o \
	tncg.o \
	torphase.o \
	torpot.o \
	torque.o \
	tors.o \
	torsions.o \
	tortor.o \
	tree.o \
	trimtext.o \
	unitcell.o \
	units.o \
	uprior.o \
	urey.o \
	urypot.o \
	usage.o \
	usolve.o \
	valfit.o \
	vdw.o \
	vdwpot.o \
	verlet.o \
	version.o \
	vibs.o \
	virial.o \
	volume.o \
	warp.o \
	xtals.o \
	xyzatm.o \
	zatom.o \
	zclose.o \
	zcoord.o
r - action.o
r - active.o
r - align.o
r - analysis.o
r - analyz.o
r - angang.o
r - angbnd.o
r - angles.o
r - angpot.o
r - angtor.o
r - argue.o
r - ascii.o
r - atmlst.o
r - atomid.o
r - atoms.o
r - attach.o
r - basefile.o
r - bath.o
r - beeman.o
r - bicubic.o
r - bitor.o
r - bitors.o
r - bndpot.o
r - bndstr.o
r - bonds.o
r - born.o
r - bound.o
r - bounds.o
r - boxes.o
r - bussi.o
r - calendar.o
r - cell.o
r - center.o
r - charge.o
r - ctran.o
r - chgpot.o
r - chgpen.o
r - chkpole.o
r - chkring.o
r - chkxyz.o
r - cholesky.o
r - chrono.o
r - chunks.o
r - clock.o
r - cluster.o
r - column.o
r - command.o
r - connect.o
r - connolly.o
r - control.o
r - couple.o
r - cspline.o
r - cutoffs.o
r - deflate.o
r - delete.o
r - deriv.o
r - diagq.o
r - diffeq.o
r - dipole.o
r - disgeo.o
r - dma.o
r - domega.o
r - eangang.o
r - eangang1.o
r - eangang2.o
r - eangang3.o
r - eangle.o
r - eangle1.o
r - eangle2.o
r - eangle3.o
r - eangtor.o
r - eangtor1.o
r - eangtor2.o
r - eangtor3.o
r - ebond.o
r - ebond1.o
r - ebond2.o
r - ebond3.o
r - ebuck.o
r - ebuck1.o
r - ebuck2.o
r - ebuck3.o
r - echarge.o
r - echarge1.o
r - echarge2.o
r - echarge3.o
r - echgdpl.o
r - echgdpl1.o
r - echgdpl2.o
r - echgdpl3.o
r - edipole.o
r - edipole1.o
r - edipole2.o
r - edipole3.o
r - egauss.o
r - egauss1.o
r - egauss2.o
r - egauss3.o
r - egeom.o
r - egeom1.o
r - egeom2.o
r - egeom3.o
r - ehal.o
r - ehal1.o
r - ehal2.o
r - ehal3.o
r - eimprop.o
r - eimprop1.o
r - eimprop2.o
r - eimprop3.o
r - eimptor.o
r - eimptor1.o
r - eimptor2.o
r - eimptor3.o
r - elj.o
r - elj1.o
r - elj2.o
r - elj3.o
r - ect0.o
r - ect1.o
r - ect3.o
r - embed.o
r - emetal.o
r - emetal1.o
r - emetal2.o
r - emetal3.o
r - emm3hb.o
r - emm3hb1.o
r - emm3hb2.o
r - emm3hb3.o
r - empole.o
r - empole1.o
r - empole3.o
r - energi.o
r - energy.o
r - eopbend.o
r - eopbend1.o
r - eopbend2.o
r - eopbend3.o
r - eopdist.o
r - eopdist1.o
r - eopdist2.o
r - eopdist3.o
r - epitors.o
r - epitors1.o
r - epitors2.o
r - epitors3.o
r - epolar.o
r - epolar1.o
r - epolar3.o
r - erf.o
r - erxnfld.o
r - erxnfld1.o
r - erxnfld2.o
r - erxnfld3.o
r - esolv.o
r - esolv1.o
r - esolv2.o
r - esolv3.o
r - estrbnd.o
r - estrbnd1.o
r - estrbnd2.o
r - estrbnd3.o
r - estrtor.o
r - estrtor1.o
r - estrtor2.o
r - estrtor3.o
r - etors.o
r - etors1.o
r - etors2.o
r - etors3.o
r - etortor.o
r - etortor1.o
r - etortor2.o
r - etortor3.o
r - eurey.o
r - eurey1.o
r - eurey2.o
r - eurey3.o
r - evcorr.o
r - ewald.o
r - extra.o
r - extra1.o
r - extra2.o
r - extra3.o
r - faces.o
r - fatal.o
r - fft.o
r - fft3d.o
r - fftpack.o
r - field.o
r - fields.o
r - files.o
r - final.o
r - flatten.o
r - fracs.o
r - freeunit.o
r - freeze.o
r - geometry.o
r - getint.o
r - getkey.o
r - getmol.o
r - getmol2.o
r - getnumb.o
r - getpdb.o
r - getprm.o
r - getref.o
r - getstring.o
r - gettext.o
r - getword.o
r - getxyz.o
r - ghmcstep.o
r - gkstuf.o
r - gradient.o
r - gradrgd.o
r - gradrot.o
r - group.o
r - groups.o
r - grpline.o
r - gyrate.o
r - hescut.o
r - hessian.o
r - hessn.o
r - hessrgd.o
r - hessrot.o
r - hpmf.o
r - hybrid.o
r - ielscf.o
r - image.o
r - impose.o
r - improp.o
r - imptor.o
r - induce.o
r - inertia.o
r - inform.o
r - initatom.o
r - initial.o
r - initprm.o
r - initres.o
r - initrot.o
r - insert.o
r - inter.o
r - invbeta.o
r - invert.o
r - iounit.o
r - jacobi.o
r - kanang.o
r - kangang.o
r - kangle.o
r - kangs.o
r - kangtor.o
r - kantor.o
r - katom.o
r - katoms.o
r - kbond.o
r - kbonds.o
r - kcharge.o
r - kchrge.o
r - kdipol.o
r - kdipole.o
r - kewald.o
r - kextra.o
r - kcp.o
r - keys.o
r - kgeom.o
r - khbond.o
r - kimprop.o
r - kimptor.o
r - kinetic.o
r - kiprop.o
r - kitors.o
r - kmetal.o
r - kmpole.o
r - kmulti.o
r - kopbend.o
r - kopbnd.o
r - kopdist.o
r - kopdst.o
r - korbit.o
r - korbs.o
r - kpitor.o
r - kpitors.o
r - kpolar.o
r - kpolr.o
r - ksolv.o
r - kstbnd.o
r - kstrbnd.o
r - kstrtor.o
r - ksttor.o
r - ktors.o
r - ktorsn.o
r - ktortor.o
r - ktrtor.o
r - kurey.o
r - kurybr.o
r - kctr.o
r - kvdw.o
r - kvdwpr.o
r - kvdws.o
r - lattice.o
r - lbfgs.o
r - light.o
r - lights.o
r - limits.o
r - linmin.o
r - makeint.o
r - makeref.o
r - makexyz.o
r - math.o
r - maxwell.o
r - mdinit.o
r - mdrest.o
r - mdsave.o
r - mdstat.o
r - mdstuf.o
r - mechanic.o
r - merck.o
r - merge.o
r - minima.o
r - molcul.o
r - moldyn.o
r - molecule.o
r - moment.o
r - moments.o
r - mplpot.o
r - mpole.o
r - mrecip.o
r - mutant.o
r - mutate.o
r - nblist.o
r - neigh.o
r - nextarg.o
r - nexttext.o
r - nonpol.o
r - nose.o
r - nspline.o
r - nucleo.o
r - number.o
r - numeral.o
r - numgrad.o
r - ocvm.o
r - omega.o
r - opbend.o
r - opdist.o
r - openend.o
r - openmp.o
r - optsave.o
r - orbital.o
r - orbits.o
r - orient.o
r - orthog.o
r - output.o
r - overlap.o
r - params.o
r - paths.o
r - pbstuf.o
r - pdb.o
r - phipsi.o
r - picalc.o
r - piorbs.o
r - pistuf.o
r - pitors.o
r - pme.o
r - pmestuff.o
r - pmpb.o
r - polar.o
r - polgrp.o
r - polpot.o
r - polymer.o
r - potent.o
r - potfit.o
r - precis.o
r - precise.o
r - pressure.o
r - prmkey.o
r - promo.o
r - prtdyn.o
r - prterr.o
r - prtint.o
r - prtmol2.o
r - prtpdb.o
r - prtprm.o
r - prtseq.o
r - prtxyz.o
r - ptable.o
r - qmstuf.o
r - qrfact.o
r - quatfit.o
r - random.o
r - rattle.o
r - readdyn.o
r - readgau.o
r - readint.o
r - readmol.o
r - readmol2.o
r - readpdb.o
r - readprm.o
r - readseq.o
r - readxyz.o
r - refer.o
r - replica.o
r - resdue.o
r - respa.o
r - restrn.o
r - rgddyn.o
r - rgdstep.o
r - rigid.o
r - ring.o
r - rings.o
r - rmsfit.o
r - rotbnd.o
r - rotlist.o
r - rotpole.o
r - rxnfld.o
r - rxnpot.o
r - scales.o
r - sdstep.o
r - search.o
r - sequen.o
r - server.o
r - shakeup.o
r - shunt.o
r - sigmoid.o
r - simplex.o
r - sizes.o
r - sktstuff.o
r - socket.o
r - solute.o
r - sort.o
r - square.o
r - stodyn.o
r - strbnd.o
r - strtor.o
r - suffix.o
r - surface.o
r - surfatom.o
r - switch.o
r - syntrn.o
r - tarray.o
r - temper.o
r - titles.o
r - tncg.o
r - torphase.o
r - torpot.o
r - torque.o
r - tors.o
r - torsions.o
r - tortor.o
r - tree.o
r - trimtext.o
r - unitcell.o
r - units.o
r - uprior.o
r - urey.o
r - urypot.o
r - usage.o
r - usolve.o
r - valfit.o
r - vdw.o
r - vdwpot.o
r - verlet.o
r - version.o
r - vibs.o
r - virial.o
r - volume.o
r - warp.o
r - xtals.o
r - xyzatm.o
r - zatom.o
r - zclose.o
r - zcoord.o
echo libtinker.a
libtinker.a
ifort -g -check all -fpe0 -warn -traceback -debug extended -openmp -O0  -static-libgcc -static-intel -o alchemy.x alchemy.o libtinker.a -L/opt/intel/composer_xe_2013/mkl/lib/intel64 -lmkl_intel_lp64 -lmkl_intel_thread -lmkl_core ; strip alchemy.x
ifort -g -check all -fpe0 -warn -traceback -debug extended -openmp -O0  -static-libgcc -static-intel -o analyze.x analyze.o libtinker.a -L/opt/intel/composer_xe_2013/mkl/lib/intel64 -lmkl_intel_lp64 -lmkl_intel_thread -lmkl_core ; strip analyze.x
ifort -g -check all -fpe0 -warn -traceback -debug extended -openmp -O0  -static-libgcc -static-intel -o anneal.x anneal.o libtinker.a -L/opt/intel/composer_xe_2013/mkl/lib/intel64 -lmkl_intel_lp64 -lmkl_intel_thread -lmkl_core ; strip anneal.x
ifort -g -check all -fpe0 -warn -traceback -debug extended -openmp -O0  -static-libgcc -static-intel -o archive.x archive.o libtinker.a -L/opt/intel/composer_xe_2013/mkl/lib/intel64 -lmkl_intel_lp64 -lmkl_intel_thread -lmkl_core ; strip archive.x
ifort -g -check all -fpe0 -warn -traceback -debug extended -openmp -O0  -static-libgcc -static-intel -o bar.x bar.o libtinker.a -L/opt/intel/composer_xe_2013/mkl/lib/intel64 -lmkl_intel_lp64 -lmkl_intel_thread -lmkl_core ; strip bar.x
ifort -g -check all -fpe0 -warn -traceback -debug extended -openmp -O0  -static-libgcc -static-intel -o correlate.x correlate.o libtinker.a -L/opt/intel/composer_xe_2013/mkl/lib/intel64 -lmkl_intel_lp64 -lmkl_intel_thread -lmkl_core ; strip correlate.x
ifort -g -check all -fpe0 -warn -traceback -debug extended -openmp -O0  -static-libgcc -static-intel -o crystal.x crystal.o libtinker.a -L/opt/intel/composer_xe_2013/mkl/lib/intel64 -lmkl_intel_lp64 -lmkl_intel_thread -lmkl_core ; strip crystal.x
ifort -g -check all -fpe0 -warn -traceback -debug extended -openmp -O0  -static-libgcc -static-intel -o diffuse.x diffuse.o libtinker.a -L/opt/intel/composer_xe_2013/mkl/lib/intel64 -lmkl_intel_lp64 -lmkl_intel_thread -lmkl_core ; strip diffuse.x
ifort -g -check all -fpe0 -warn -traceback -debug extended -openmp -O0  -static-libgcc -static-intel -o distgeom.x distgeom.o libtinker.a -L/opt/intel/composer_xe_2013/mkl/lib/intel64 -lmkl_intel_lp64 -lmkl_intel_thread -lmkl_core ; strip distgeom.x
ifort -g -check all -fpe0 -warn -traceback -debug extended -openmp -O0  -static-libgcc -static-intel -o document.x document.o libtinker.a -L/opt/intel/composer_xe_2013/mkl/lib/intel64 -lmkl_intel_lp64 -lmkl_intel_thread -lmkl_core ; strip document.x
ifort -g -check all -fpe0 -warn -traceback -debug extended -openmp -O0  -static-libgcc -static-intel -o dynamic.x dynamic.o libtinker.a -L/opt/intel/composer_xe_2013/mkl/lib/intel64 -lmkl_intel_lp64 -lmkl_intel_thread -lmkl_core ; strip dynamic.x
ifort -g -check all -fpe0 -warn -traceback -debug extended -openmp -O0  -static-libgcc -static-intel -o gda.x gda.o libtinker.a -L/opt/intel/composer_xe_2013/mkl/lib/intel64 -lmkl_intel_lp64 -lmkl_intel_thread -lmkl_core ; strip gda.x
ifort -g -check all -fpe0 -warn -traceback -debug extended -openmp -O0  -static-libgcc -static-intel -o intedit.x intedit.o libtinker.a -L/opt/intel/composer_xe_2013/mkl/lib/intel64 -lmkl_intel_lp64 -lmkl_intel_thread -lmkl_core ; strip intedit.x
ifort -g -check all -fpe0 -warn -traceback -debug extended -openmp -O0  -static-libgcc -static-intel -o intxyz.x intxyz.o libtinker.a -L/opt/intel/composer_xe_2013/mkl/lib/intel64 -lmkl_intel_lp64 -lmkl_intel_thread -lmkl_core ; strip intxyz.x
ifort -g -check all -fpe0 -warn -traceback -debug extended -openmp -O0  -static-libgcc -static-intel -o minimize.x minimize.o libtinker.a -L/opt/intel/composer_xe_2013/mkl/lib/intel64 -lmkl_intel_lp64 -lmkl_intel_thread -lmkl_core ; strip minimize.x
ifort -g -check all -fpe0 -warn -traceback -debug extended -openmp -O0  -static-libgcc -static-intel -o minirot.x minirot.o libtinker.a -L/opt/intel/composer_xe_2013/mkl/lib/intel64 -lmkl_intel_lp64 -lmkl_intel_thread -lmkl_core ; strip minirot.x
ifort -g -check all -fpe0 -warn -traceback -debug extended -openmp -O0  -static-libgcc -static-intel -o minrigid.x minrigid.o libtinker.a -L/opt/intel/composer_xe_2013/mkl/lib/intel64 -lmkl_intel_lp64 -lmkl_intel_thread -lmkl_core ; strip minrigid.x
ifort -g -check all -fpe0 -warn -traceback -debug extended -openmp -O0  -static-libgcc -static-intel -o molxyz.x molxyz.o libtinker.a -L/opt/intel/composer_xe_2013/mkl/lib/intel64 -lmkl_intel_lp64 -lmkl_intel_thread -lmkl_core ; strip molxyz.x
ifort -g -check all -fpe0 -warn -traceback -debug extended -openmp -O0  -static-libgcc -static-intel -o monte.x monte.o libtinker.a -L/opt/intel/composer_xe_2013/mkl/lib/intel64 -lmkl_intel_lp64 -lmkl_intel_thread -lmkl_core ; strip monte.x
ifort -g -check all -fpe0 -warn -traceback -debug extended -openmp -O0  -static-libgcc -static-intel -o newton.x newton.o libtinker.a -L/opt/intel/composer_xe_2013/mkl/lib/intel64 -lmkl_intel_lp64 -lmkl_intel_thread -lmkl_core ; strip newton.x
ifort -g -check all -fpe0 -warn -traceback -debug extended -openmp -O0  -static-libgcc -static-intel -o newtrot.x newtrot.o libtinker.a -L/opt/intel/composer_xe_2013/mkl/lib/intel64 -lmkl_intel_lp64 -lmkl_intel_thread -lmkl_core ; strip newtrot.x
ifort -g -check all -fpe0 -warn -traceback -debug extended -openmp -O0  -static-libgcc -static-intel -o nucleic.x nucleic.o libtinker.a -L/opt/intel/composer_xe_2013/mkl/lib/intel64 -lmkl_intel_lp64 -lmkl_intel_thread -lmkl_core ; strip nucleic.x
ifort -g -check all -fpe0 -warn -traceback -debug extended -openmp -O0  -static-libgcc -static-intel -o optimize.x optimize.o libtinker.a -L/opt/intel/composer_xe_2013/mkl/lib/intel64 -lmkl_intel_lp64 -lmkl_intel_thread -lmkl_core ; strip optimize.x
ifort -g -check all -fpe0 -warn -traceback -debug extended -openmp -O0  -static-libgcc -static-intel -o optirot.x optirot.o libtinker.a -L/opt/intel/composer_xe_2013/mkl/lib/intel64 -lmkl_intel_lp64 -lmkl_intel_thread -lmkl_core ; strip optirot.x
ifort -g -check all -fpe0 -warn -traceback -debug extended -openmp -O0  -static-libgcc -static-intel -o optrigid.x optrigid.o libtinker.a -L/opt/intel/composer_xe_2013/mkl/lib/intel64 -lmkl_intel_lp64 -lmkl_intel_thread -lmkl_core ; strip optrigid.x
ifort -g -check all -fpe0 -warn -traceback -debug extended -openmp -O0  -static-libgcc -static-intel -o path.x path.o libtinker.a -L/opt/intel/composer_xe_2013/mkl/lib/intel64 -lmkl_intel_lp64 -lmkl_intel_thread -lmkl_core ; strip path.x
ifort -g -check all -fpe0 -warn -traceback -debug extended -openmp -O0  -static-libgcc -static-intel -o pdbxyz.x pdbxyz.o libtinker.a -L/opt/intel/composer_xe_2013/mkl/lib/intel64 -lmkl_intel_lp64 -lmkl_intel_thread -lmkl_core ; strip pdbxyz.x
ifort -g -check all -fpe0 -warn -traceback -debug extended -openmp -O0  -static-libgcc -static-intel -o polarize.x polarize.o libtinker.a -L/opt/intel/composer_xe_2013/mkl/lib/intel64 -lmkl_intel_lp64 -lmkl_intel_thread -lmkl_core ; strip polarize.x
ifort -g -check all -fpe0 -warn -traceback -debug extended -openmp -O0  -static-libgcc -static-intel -o poledit.x poledit.o libtinker.a -L/opt/intel/composer_xe_2013/mkl/lib/intel64 -lmkl_intel_lp64 -lmkl_intel_thread -lmkl_core ; strip poledit.x
ifort -g -check all -fpe0 -warn -traceback -debug extended -openmp -O0  -static-libgcc -static-intel -o potential.x potential.o libtinker.a -L/opt/intel/composer_xe_2013/mkl/lib/intel64 -lmkl_intel_lp64 -lmkl_intel_thread -lmkl_core ; strip potential.x
ifort -g -check all -fpe0 -warn -traceback -debug extended -openmp -O0  -static-libgcc -static-intel -o prmedit.x prmedit.o libtinker.a -L/opt/intel/composer_xe_2013/mkl/lib/intel64 -lmkl_intel_lp64 -lmkl_intel_thread -lmkl_core ; strip prmedit.x
ifort -g -check all -fpe0 -warn -traceback -debug extended -openmp -O0  -static-libgcc -static-intel -o protein.x protein.o libtinker.a -L/opt/intel/composer_xe_2013/mkl/lib/intel64 -lmkl_intel_lp64 -lmkl_intel_thread -lmkl_core ; strip protein.x
ifort -g -check all -fpe0 -warn -traceback -debug extended -openmp -O0  -static-libgcc -static-intel -o pss.x pss.o libtinker.a -L/opt/intel/composer_xe_2013/mkl/lib/intel64 -lmkl_intel_lp64 -lmkl_intel_thread -lmkl_core ; strip pss.x
ifort -g -check all -fpe0 -warn -traceback -debug extended -openmp -O0  -static-libgcc -static-intel -o pssrigid.x pssrigid.o libtinker.a -L/opt/intel/composer_xe_2013/mkl/lib/intel64 -lmkl_intel_lp64 -lmkl_intel_thread -lmkl_core ; strip pssrigid.x
ifort -g -check all -fpe0 -warn -traceback -debug extended -openmp -O0  -static-libgcc -static-intel -o pssrot.x pssrot.o libtinker.a -L/opt/intel/composer_xe_2013/mkl/lib/intel64 -lmkl_intel_lp64 -lmkl_intel_thread -lmkl_core ; strip pssrot.x
ifort -g -check all -fpe0 -warn -traceback -debug extended -openmp -O0  -static-libgcc -static-intel -o radial.x radial.o libtinker.a -L/opt/intel/composer_xe_2013/mkl/lib/intel64 -lmkl_intel_lp64 -lmkl_intel_thread -lmkl_core ; strip radial.x
ifort -g -check all -fpe0 -warn -traceback -debug extended -openmp -O0  -static-libgcc -static-intel -o saddle.x saddle.o libtinker.a -L/opt/intel/composer_xe_2013/mkl/lib/intel64 -lmkl_intel_lp64 -lmkl_intel_thread -lmkl_core ; strip saddle.x
ifort -g -check all -fpe0 -warn -traceback -debug extended -openmp -O0  -static-libgcc -static-intel -o scan.x scan.o libtinker.a -L/opt/intel/composer_xe_2013/mkl/lib/intel64 -lmkl_intel_lp64 -lmkl_intel_thread -lmkl_core ; strip scan.x
ifort -g -check all -fpe0 -warn -traceback -debug extended -openmp -O0  -static-libgcc -static-intel -o sniffer.x sniffer.o libtinker.a -L/opt/intel/composer_xe_2013/mkl/lib/intel64 -lmkl_intel_lp64 -lmkl_intel_thread -lmkl_core ; strip sniffer.x
ifort -g -check all -fpe0 -warn -traceback -debug extended -openmp -O0  -static-libgcc -static-intel -o spacefill.x spacefill.o libtinker.a -L/opt/intel/composer_xe_2013/mkl/lib/intel64 -lmkl_intel_lp64 -lmkl_intel_thread -lmkl_core ; strip spacefill.x
ifort -g -check all -fpe0 -warn -traceback -debug extended -openmp -O0  -static-libgcc -static-intel -o spectrum.x spectrum.o libtinker.a -L/opt/intel/composer_xe_2013/mkl/lib/intel64 -lmkl_intel_lp64 -lmkl_intel_thread -lmkl_core ; strip spectrum.x
ifort -g -check all -fpe0 -warn -traceback -debug extended -openmp -O0  -static-libgcc -static-intel -o superpose.x superpose.o libtinker.a -L/opt/intel/composer_xe_2013/mkl/lib/intel64 -lmkl_intel_lp64 -lmkl_intel_thread -lmkl_core ; strip superpose.x
ifort -g -check all -fpe0 -warn -traceback -debug extended -openmp -O0  -static-libgcc -static-intel -o sybylxyz.x sybylxyz.o libtinker.a -L/opt/intel/composer_xe_2013/mkl/lib/intel64 -lmkl_intel_lp64 -lmkl_intel_thread -lmkl_core ; strip sybylxyz.x
ifort -g -check all -fpe0 -warn -traceback -debug extended -openmp -O0  -static-libgcc -static-intel -o testgrad.x testgrad.o libtinker.a -L/opt/intel/composer_xe_2013/mkl/lib/intel64 -lmkl_intel_lp64 -lmkl_intel_thread -lmkl_core ; strip testgrad.x
ifort -g -check all -fpe0 -warn -traceback -debug extended -openmp -O0  -static-libgcc -static-intel -o testhess.x testhess.o libtinker.a -L/opt/intel/composer_xe_2013/mkl/lib/intel64 -lmkl_intel_lp64 -lmkl_intel_thread -lmkl_core ; strip testhess.x
ifort -g -check all -fpe0 -warn -traceback -debug extended -openmp -O0  -static-libgcc -static-intel -o testpair.x testpair.o libtinker.a -L/opt/intel/composer_xe_2013/mkl/lib/intel64 -lmkl_intel_lp64 -lmkl_intel_thread -lmkl_core ; strip testpair.x
ifort -g -check all -fpe0 -warn -traceback -debug extended -openmp -O0  -static-libgcc -static-intel -o testpol.x testpol.o libtinker.a -L/opt/intel/composer_xe_2013/mkl/lib/intel64 -lmkl_intel_lp64 -lmkl_intel_thread -lmkl_core ; strip testpol.x
ifort -g -check all -fpe0 -warn -traceback -debug extended -openmp -O0  -static-libgcc -static-intel -o testrot.x testrot.o libtinker.a -L/opt/intel/composer_xe_2013/mkl/lib/intel64 -lmkl_intel_lp64 -lmkl_intel_thread -lmkl_core ; strip testrot.x
ifort -g -check all -fpe0 -warn -traceback -debug extended -openmp -O0  -static-libgcc -static-intel -o timer.x timer.o libtinker.a -L/opt/intel/composer_xe_2013/mkl/lib/intel64 -lmkl_intel_lp64 -lmkl_intel_thread -lmkl_core ; strip timer.x
ifort -g -check all -fpe0 -warn -traceback -debug extended -openmp -O0  -static-libgcc -static-intel -o timerot.x timerot.o libtinker.a -L/opt/intel/composer_xe_2013/mkl/lib/intel64 -lmkl_intel_lp64 -lmkl_intel_thread -lmkl_core ; strip timerot.x
ifort -g -check all -fpe0 -warn -traceback -debug extended -openmp -O0  -static-libgcc -static-intel -o torsfit.x torsfit.o libtinker.a -L/opt/intel/composer_xe_2013/mkl/lib/intel64 -lmkl_intel_lp64 -lmkl_intel_thread -lmkl_core ; strip torsfit.x
ifort -g -check all -fpe0 -warn -traceback -debug extended -openmp -O0  -static-libgcc -static-intel -o valence.x valence.o libtinker.a -L/opt/intel/composer_xe_2013/mkl/lib/intel64 -lmkl_intel_lp64 -lmkl_intel_thread -lmkl_core ; strip valence.x
ifort -g -check all -fpe0 -warn -traceback -debug extended -openmp -O0  -static-libgcc -static-intel -o vibbig.x vibbig.o libtinker.a -L/opt/intel/composer_xe_2013/mkl/lib/intel64 -lmkl_intel_lp64 -lmkl_intel_thread -lmkl_core ; strip vibbig.x
ifort -g -check all -fpe0 -warn -traceback -debug extended -openmp -O0  -static-libgcc -static-intel -o vibrate.x vibrate.o libtinker.a -L/opt/intel/composer_xe_2013/mkl/lib/intel64 -lmkl_intel_lp64 -lmkl_intel_thread -lmkl_core ; strip vibrate.x
ifort -g -check all -fpe0 -warn -traceback -debug extended -openmp -O0  -static-libgcc -static-intel -o vibrot.x vibrot.o libtinker.a -L/opt/intel/composer_xe_2013/mkl/lib/intel64 -lmkl_intel_lp64 -lmkl_intel_thread -lmkl_core ; strip vibrot.x
ifort -g -check all -fpe0 -warn -traceback -debug extended -openmp -O0  -static-libgcc -static-intel -o xtalfit.x xtalfit.o libtinker.a -L/opt/intel/composer_xe_2013/mkl/lib/intel64 -lmkl_intel_lp64 -lmkl_intel_thread -lmkl_core ; strip xtalfit.x
ifort -g -check all -fpe0 -warn -traceback -debug extended -openmp -O0  -static-libgcc -static-intel -o xtalmin.x xtalmin.o libtinker.a -L/opt/intel/composer_xe_2013/mkl/lib/intel64 -lmkl_intel_lp64 -lmkl_intel_thread -lmkl_core ; strip xtalmin.x
ifort -g -check all -fpe0 -warn -traceback -debug extended -openmp -O0  -static-libgcc -static-intel -o xyzedit.x xyzedit.o libtinker.a -L/opt/intel/composer_xe_2013/mkl/lib/intel64 -lmkl_intel_lp64 -lmkl_intel_thread -lmkl_core ; strip xyzedit.x
ifort -g -check all -fpe0 -warn -traceback -debug extended -openmp -O0  -static-libgcc -static-intel -o xyzint.x xyzint.o libtinker.a -L/opt/intel/composer_xe_2013/mkl/lib/intel64 -lmkl_intel_lp64 -lmkl_intel_thread -lmkl_core ; strip xyzint.x
ifort -g -check all -fpe0 -warn -traceback -debug extended -openmp -O0  -static-libgcc -static-intel -o xyzpdb.x xyzpdb.o libtinker.a -L/opt/intel/composer_xe_2013/mkl/lib/intel64 -lmkl_intel_lp64 -lmkl_intel_thread -lmkl_core ; strip xyzpdb.x
ifort -g -check all -fpe0 -warn -traceback -debug extended -openmp -O0  -static-libgcc -static-intel -o xyzsybyl.x xyzsybyl.o libtinker.a -L/opt/intel/composer_xe_2013/mkl/lib/intel64 -lmkl_intel_lp64 -lmkl_intel_thread -lmkl_core ; strip xyzsybyl.x
